-------------------------------------------------------------------------------
Test set: es.uma.informatica.practica3.Practica3ApplicationTests$BaseDatosConDatos
-------------------------------------------------------------------------------
Tests run: 11, Failures: 0, Errors: 0, Skipped: 0, Time elapsed: 17.874 s - in es.uma.informatica.practica3.Practica3ApplicationTests$BaseDatosConDatos
es.uma.informatica.practica3.Practica3ApplicationTests$BaseDatosConDatos.eliminarProducto  Time elapsed: 1.943 s
es.uma.informatica.practica3.Practica3ApplicationTests$BaseDatosConDatos.eliminarIngrediente  Time elapsed: 0.053 s
es.uma.informatica.practica3.Practica3ApplicationTests$BaseDatosConDatos.insertaProductoExistente  Time elapsed: 0.209 s
es.uma.informatica.practica3.Practica3ApplicationTests$BaseDatosConDatos.devuelveListaProductos  Time elapsed: 0.107 s
es.uma.informatica.practica3.Practica3ApplicationTests$BaseDatosConDatos.modificarProducto  Time elapsed: 0.101 s
es.uma.informatica.practica3.Practica3ApplicationTests$BaseDatosConDatos.devuelveListaIngredientes  Time elapsed: 0.053 s
es.uma.informatica.practica3.Practica3ApplicationTests$BaseDatosConDatos.errorConProductoConcreto  Time elapsed: 0.069 s
es.uma.informatica.practica3.Practica3ApplicationTests$BaseDatosConDatos.insertaProductoIndicandoIngredienteConId  Time elapsed: 0.076 s
es.uma.informatica.practica3.Practica3ApplicationTests$BaseDatosConDatos.obtenerIngredienteConcreto  Time elapsed: 0.056 s
es.uma.informatica.practica3.Practica3ApplicationTests$BaseDatosConDatos.insertaIngredienteExistente  Time elapsed: 0.046 s
es.uma.informatica.practica3.Practica3ApplicationTests$BaseDatosConDatos.modificarIngrediente  Time elapsed: 0.05 s
