<?xml version="1.0" encoding="UTF-8"?>
<testsuite xmlns:xsi="http://www.w3.org/2001/XMLSchema-instance" xsi:noNamespaceSchemaLocation="https://maven.apache.org/surefire/maven-surefire-plugin/xsd/surefire-test-report-3.0.xsd" version="3.0" name="es.uma.informatica.practica3.Practica3ApplicationTests$BaseDatosConDatos" time="17.874" tests="11" errors="0" skipped="0" failures="0">
  <properties>
[...]
</properties>
  <testcase name="eliminarProducto" classname="es.uma.informatica.practica3.Practica3ApplicationTests$BaseDatosConDatos" time="1.943">
    <system-out><![CDATA[12:58:40.203 [main] INFO org.springframework.test.context.support.AnnotationConfigContextLoaderUtils -- Could not detect default configuration classes for test class [es.uma.informatica.practica3.Practica3ApplicationTests]: Practica3ApplicationTests does not declare any static, non-private, non-final, nested classes annotated with @Configuration.
12:58:40.568 [main] INFO org.springframework.boot.test.context.SpringBootTestContextBootstrapper -- Found @SpringBootConfiguration es.uma.informatica.practica3.Practica3Application for test class es.uma.informatica.practica3.Practica3ApplicationTests
12:58:40.910 [main] INFO org.springframework.test.context.support.AnnotationConfigContextLoaderUtils -- Could not detect default configuration classes for test class [es.uma.informatica.practica3.Practica3ApplicationTests$BaseDatosConDatos]: BaseDatosConDatos does not declare any static, non-private, non-final, nested classes annotated with @Configuration.
12:58:40.926 [main] INFO org.springframework.boot.test.context.SpringBootTestContextBootstrapper -- Found @SpringBootConfiguration es.uma.informatica.practica3.Practica3Application for test class es.uma.informatica.practica3.Practica3ApplicationTests$BaseDatosConDatos

  .   ____          _            __ _ _
 /\\ / ___'_ __ _ _(_)_ __  __ _ \ \ \ \
( ( )\___ | '_ | '_| | '_ \/ _` | \ \ \ \
 \\/  ___)| |_)| | | | | || (_| |  ) ) ) )
  '  |____| .__|_| |_|_| |_\__, | / / / /
 =========|_|==============|___/=/_/_/_/
 :: Spring Boot ::                (v3.2.5)

2024-05-09T12:58:41.817+02:00  INFO 7520 --- [           main] e.u.i.p.Practica3ApplicationTests        : Starting Practica3ApplicationTests using Java 22 with PID 7520 (started by Usuario in c:\Users\Usuario\Desktop\Universidad\4º CURSO (2023-2024)\Asignaturas\Segundo Cuatrimestre\Sistemas de Información en Internet\Tema 4\Taller JUnit5\Solución)
2024-05-09T12:58:41.820+02:00  INFO 7520 --- [           main] e.u.i.p.Practica3ApplicationTests        : No active profile set, falling back to 1 default profile: "default"
2024-05-09T12:58:42.992+02:00  INFO 7520 --- [           main] .s.d.r.c.RepositoryConfigurationDelegate : Bootstrapping Spring Data JPA repositories in DEFAULT mode.
2024-05-09T12:58:43.140+02:00  INFO 7520 --- [           main] .s.d.r.c.RepositoryConfigurationDelegate : Finished Spring Data repository scanning in 130 ms. Found 2 JPA repository interfaces.
2024-05-09T12:58:44.212+02:00  INFO 7520 --- [           main] o.s.b.w.embedded.tomcat.TomcatWebServer  : Tomcat initialized with port 0 (http)
2024-05-09T12:58:44.228+02:00  INFO 7520 --- [           main] o.apache.catalina.core.StandardService   : Starting service [Tomcat]
2024-05-09T12:58:44.228+02:00  INFO 7520 --- [           main] o.apache.catalina.core.StandardEngine    : Starting Servlet engine: [Apache Tomcat/10.1.20]
2024-05-09T12:58:44.366+02:00  INFO 7520 --- [           main] o.a.c.c.C.[Tomcat].[localhost].[/]       : Initializing Spring embedded WebApplicationContext
2024-05-09T12:58:44.366+02:00  INFO 7520 --- [           main] w.s.c.ServletWebServerApplicationContext : Root WebApplicationContext: initialization completed in 2501 ms
2024-05-09T12:58:44.456+02:00  INFO 7520 --- [           main] com.zaxxer.hikari.HikariDataSource       : HikariPool-1 - Starting...
2024-05-09T12:58:45.012+02:00  INFO 7520 --- [           main] com.zaxxer.hikari.pool.HikariPool        : HikariPool-1 - Added connection conn0: url=jdbc:h2:mem:test user=SA
2024-05-09T12:58:45.012+02:00  INFO 7520 --- [           main] com.zaxxer.hikari.HikariDataSource       : HikariPool-1 - Start completed.
2024-05-09T12:58:45.044+02:00  INFO 7520 --- [           main] o.s.b.a.h2.H2ConsoleAutoConfiguration    : H2 console available at '/h2-console'. Database available at 'jdbc:h2:mem:test'
2024-05-09T12:58:45.386+02:00  INFO 7520 --- [           main] o.hibernate.jpa.internal.util.LogHelper  : HHH000204: Processing PersistenceUnitInfo [name: default]
2024-05-09T12:58:45.544+02:00  INFO 7520 --- [           main] org.hibernate.Version                    : HHH000412: Hibernate ORM core version 6.4.4.Final
2024-05-09T12:58:45.622+02:00  INFO 7520 --- [           main] o.h.c.internal.RegionFactoryInitiator    : HHH000026: Second-level cache disabled
2024-05-09T12:58:46.218+02:00  INFO 7520 --- [           main] o.s.o.j.p.SpringPersistenceUnitInfo      : No LoadTimeWeaver setup: ignoring JPA class transformer
2024-05-09T12:58:46.330+02:00  WARN 7520 --- [           main] org.hibernate.orm.deprecation            : HHH90000025: H2Dialect does not need to be specified explicitly using 'hibernate.dialect' (remove the property setting and it will be selected by default)
2024-05-09T12:58:48.176+02:00  INFO 7520 --- [           main] o.h.e.t.j.p.i.JtaPlatformInitiator       : HHH000489: No JTA platform available (set 'hibernate.transaction.jta.platform' to enable JTA platform integration)
2024-05-09T12:58:48.270+02:00  INFO 7520 --- [           main] j.LocalContainerEntityManagerFactoryBean : Initialized JPA EntityManagerFactory for persistence unit 'default'
2024-05-09T12:58:49.005+02:00  WARN 7520 --- [           main] JpaBaseConfiguration$JpaWebConfiguration : spring.jpa.open-in-view is enabled by default. Therefore, database queries may be performed during view rendering. Explicitly configure spring.jpa.open-in-view to disable this warning
2024-05-09T12:58:49.719+02:00  INFO 7520 --- [           main] o.s.b.w.embedded.tomcat.TomcatWebServer  : Tomcat started on port 58813 (http) with context path ''
2024-05-09T12:58:49.719+02:00  INFO 7520 --- [           main] e.u.i.p.Practica3ApplicationTests        : Started Practica3ApplicationTests in 8.68 seconds (process running for 11.649)
2024-05-09T12:58:50.697+02:00  INFO 7520 --- [o-auto-1-exec-1] o.a.c.c.C.[Tomcat].[localhost].[/]       : Initializing Spring DispatcherServlet 'dispatcherServlet'
2024-05-09T12:58:50.697+02:00  INFO 7520 --- [o-auto-1-exec-1] o.s.web.servlet.DispatcherServlet        : Initializing Servlet 'dispatcherServlet'
2024-05-09T12:58:50.697+02:00  INFO 7520 --- [o-auto-1-exec-1] o.s.web.servlet.DispatcherServlet        : Completed initialization in 0 ms
2024-05-09T12:58:51.664+02:00  INFO 7520 --- [           main] j.LocalContainerEntityManagerFactoryBean : Closing JPA EntityManagerFactory for persistence unit 'default'
2024-05-09T12:58:51.680+02:00  INFO 7520 --- [           main] com.zaxxer.hikari.HikariDataSource       : HikariPool-1 - Shutdown initiated...
2024-05-09T12:58:51.680+02:00  INFO 7520 --- [           main] com.zaxxer.hikari.HikariDataSource       : HikariPool-1 - Shutdown completed.
]]></system-out>
    <system-err><![CDATA[WARNING: A Java agent has been loaded dynamically (C:\Users\Usuario\.m2\repository\net\bytebuddy\byte-buddy-agent\1.14.13\byte-buddy-agent-1.14.13.jar)
WARNING: If a serviceability tool is in use, please run with -XX:+EnableDynamicAgentLoading to hide this warning
WARNING: If a serviceability tool is not in use, please run with -Djdk.instrument.traceUsage for more information
WARNING: Dynamic loading of agents will be disallowed by default in a future release
]]></system-err>
  </testcase>
  <testcase name="eliminarIngrediente" classname="es.uma.informatica.practica3.Practica3ApplicationTests$BaseDatosConDatos" time="0.053">
    <system-out><![CDATA[
  .   ____          _            __ _ _
 /\\ / ___'_ __ _ _(_)_ __  __ _ \ \ \ \
( ( )\___ | '_ | '_| | '_ \/ _` | \ \ \ \
 \\/  ___)| |_)| | | | | || (_| |  ) ) ) )
  '  |____| .__|_| |_|_| |_\__, | / / / /
 =========|_|==============|___/=/_/_/_/
 :: Spring Boot ::                (v3.2.5)

2024-05-09T12:58:51.748+02:00  INFO 7520 --- [           main] e.u.i.p.Practica3ApplicationTests        : Starting Practica3ApplicationTests using Java 22 with PID 7520 (started by Usuario in c:\Users\Usuario\Desktop\Universidad\4º CURSO (2023-2024)\Asignaturas\Segundo Cuatrimestre\Sistemas de Información en Internet\Tema 4\Taller JUnit5\Solución)
2024-05-09T12:58:51.748+02:00  INFO 7520 --- [           main] e.u.i.p.Practica3ApplicationTests        : No active profile set, falling back to 1 default profile: "default"
2024-05-09T12:58:51.998+02:00  INFO 7520 --- [           main] .s.d.r.c.RepositoryConfigurationDelegate : Bootstrapping Spring Data JPA repositories in DEFAULT mode.
2024-05-09T12:58:52.014+02:00  INFO 7520 --- [           main] .s.d.r.c.RepositoryConfigurationDelegate : Finished Spring Data repository scanning in 13 ms. Found 2 JPA repository interfaces.
2024-05-09T12:58:52.143+02:00  INFO 7520 --- [           main] o.s.b.w.embedded.tomcat.TomcatWebServer  : Tomcat initialized with port 0 (http)
2024-05-09T12:58:52.143+02:00  INFO 7520 --- [           main] o.apache.catalina.core.StandardService   : Starting service [Tomcat]
2024-05-09T12:58:52.143+02:00  INFO 7520 --- [           main] o.apache.catalina.core.StandardEngine    : Starting Servlet engine: [Apache Tomcat/10.1.20]
2024-05-09T12:58:52.180+02:00  INFO 7520 --- [           main] o.a.c.c.C.[Tomcat].[localhost].[/]       : Initializing Spring embedded WebApplicationContext
2024-05-09T12:58:52.181+02:00  INFO 7520 --- [           main] w.s.c.ServletWebServerApplicationContext : Root WebApplicationContext: initialization completed in 420 ms
2024-05-09T12:58:52.199+02:00  INFO 7520 --- [           main] com.zaxxer.hikari.HikariDataSource       : HikariPool-2 - Starting...
2024-05-09T12:58:52.203+02:00  INFO 7520 --- [           main] com.zaxxer.hikari.pool.HikariPool        : HikariPool-2 - Added connection conn10: url=jdbc:h2:mem:test user=SA
2024-05-09T12:58:52.203+02:00  INFO 7520 --- [           main] com.zaxxer.hikari.HikariDataSource       : HikariPool-2 - Start completed.
2024-05-09T12:58:52.204+02:00  INFO 7520 --- [           main] o.s.b.a.h2.H2ConsoleAutoConfiguration    : H2 console available at '/h2-console'. Database available at 'jdbc:h2:mem:test'
2024-05-09T12:58:52.246+02:00  INFO 7520 --- [           main] o.hibernate.jpa.internal.util.LogHelper  : HHH000204: Processing PersistenceUnitInfo [name: default]
2024-05-09T12:58:52.246+02:00  INFO 7520 --- [           main] o.h.c.internal.RegionFactoryInitiator    : HHH000026: Second-level cache disabled
2024-05-09T12:58:52.258+02:00  INFO 7520 --- [           main] o.s.o.j.p.SpringPersistenceUnitInfo      : No LoadTimeWeaver setup: ignoring JPA class transformer
2024-05-09T12:58:52.258+02:00  WARN 7520 --- [           main] org.hibernate.orm.deprecation            : HHH90000025: H2Dialect does not need to be specified explicitly using 'hibernate.dialect' (remove the property setting and it will be selected by default)
2024-05-09T12:58:52.348+02:00  INFO 7520 --- [           main] o.h.e.t.j.p.i.JtaPlatformInitiator       : HHH000489: No JTA platform available (set 'hibernate.transaction.jta.platform' to enable JTA platform integration)
2024-05-09T12:58:52.374+02:00  INFO 7520 --- [           main] j.LocalContainerEntityManagerFactoryBean : Initialized JPA EntityManagerFactory for persistence unit 'default'
2024-05-09T12:58:52.448+02:00  WARN 7520 --- [           main] JpaBaseConfiguration$JpaWebConfiguration : spring.jpa.open-in-view is enabled by default. Therefore, database queries may be performed during view rendering. Explicitly configure spring.jpa.open-in-view to disable this warning
2024-05-09T12:58:52.597+02:00  INFO 7520 --- [           main] o.s.b.w.embedded.tomcat.TomcatWebServer  : Tomcat started on port 58816 (http) with context path ''
2024-05-09T12:58:52.601+02:00  INFO 7520 --- [           main] e.u.i.p.Practica3ApplicationTests        : Started Practica3ApplicationTests in 0.905 seconds (process running for 14.52)
2024-05-09T12:58:52.626+02:00  INFO 7520 --- [o-auto-2-exec-1] o.a.c.c.C.[Tomcat].[localhost].[/]       : Initializing Spring DispatcherServlet 'dispatcherServlet'
2024-05-09T12:58:52.627+02:00  INFO 7520 --- [o-auto-2-exec-1] o.s.web.servlet.DispatcherServlet        : Initializing Servlet 'dispatcherServlet'
2024-05-09T12:58:52.628+02:00  INFO 7520 --- [o-auto-2-exec-1] o.s.web.servlet.DispatcherServlet        : Completed initialization in 1 ms
2024-05-09T12:58:52.658+02:00  INFO 7520 --- [           main] j.LocalContainerEntityManagerFactoryBean : Closing JPA EntityManagerFactory for persistence unit 'default'
2024-05-09T12:58:52.659+02:00  INFO 7520 --- [           main] com.zaxxer.hikari.HikariDataSource       : HikariPool-2 - Shutdown initiated...
2024-05-09T12:58:52.659+02:00  INFO 7520 --- [           main] com.zaxxer.hikari.HikariDataSource       : HikariPool-2 - Shutdown completed.
]]></system-out>
  </testcase>
  <testcase name="insertaProductoExistente" classname="es.uma.informatica.practica3.Practica3ApplicationTests$BaseDatosConDatos" time="0.209">
    <system-out><![CDATA[
  .   ____          _            __ _ _
 /\\ / ___'_ __ _ _(_)_ __  __ _ \ \ \ \
( ( )\___ | '_ | '_| | '_ \/ _` | \ \ \ \
 \\/  ___)| |_)| | | | | || (_| |  ) ) ) )
  '  |____| .__|_| |_|_| |_\__, | / / / /
 =========|_|==============|___/=/_/_/_/
 :: Spring Boot ::                (v3.2.5)

2024-05-09T12:58:52.712+02:00  INFO 7520 --- [           main] e.u.i.p.Practica3ApplicationTests        : Starting Practica3ApplicationTests using Java 22 with PID 7520 (started by Usuario in c:\Users\Usuario\Desktop\Universidad\4º CURSO (2023-2024)\Asignaturas\Segundo Cuatrimestre\Sistemas de Información en Internet\Tema 4\Taller JUnit5\Solución)
2024-05-09T12:58:52.712+02:00  INFO 7520 --- [           main] e.u.i.p.Practica3ApplicationTests        : No active profile set, falling back to 1 default profile: "default"
2024-05-09T12:58:52.921+02:00  INFO 7520 --- [           main] .s.d.r.c.RepositoryConfigurationDelegate : Bootstrapping Spring Data JPA repositories in DEFAULT mode.
2024-05-09T12:58:52.937+02:00  INFO 7520 --- [           main] .s.d.r.c.RepositoryConfigurationDelegate : Finished Spring Data repository scanning in 10 ms. Found 2 JPA repository interfaces.
2024-05-09T12:58:53.039+02:00  INFO 7520 --- [           main] o.s.b.w.embedded.tomcat.TomcatWebServer  : Tomcat initialized with port 0 (http)
2024-05-09T12:58:53.039+02:00  INFO 7520 --- [           main] o.apache.catalina.core.StandardService   : Starting service [Tomcat]
2024-05-09T12:58:53.039+02:00  INFO 7520 --- [           main] o.apache.catalina.core.StandardEngine    : Starting Servlet engine: [Apache Tomcat/10.1.20]
2024-05-09T12:58:53.068+02:00  INFO 7520 --- [           main] o.a.c.c.C.[Tomcat].[localhost].[/]       : Initializing Spring embedded WebApplicationContext
2024-05-09T12:58:53.068+02:00  INFO 7520 --- [           main] w.s.c.ServletWebServerApplicationContext : Root WebApplicationContext: initialization completed in 354 ms
2024-05-09T12:58:53.089+02:00  INFO 7520 --- [           main] com.zaxxer.hikari.HikariDataSource       : HikariPool-3 - Starting...
2024-05-09T12:58:53.089+02:00  INFO 7520 --- [           main] com.zaxxer.hikari.pool.HikariPool        : HikariPool-3 - Added connection conn20: url=jdbc:h2:mem:test user=SA
2024-05-09T12:58:53.089+02:00  INFO 7520 --- [           main] com.zaxxer.hikari.HikariDataSource       : HikariPool-3 - Start completed.
2024-05-09T12:58:53.089+02:00  INFO 7520 --- [           main] o.s.b.a.h2.H2ConsoleAutoConfiguration    : H2 console available at '/h2-console'. Database available at 'jdbc:h2:mem:test'
2024-05-09T12:58:53.122+02:00  INFO 7520 --- [           main] o.hibernate.jpa.internal.util.LogHelper  : HHH000204: Processing PersistenceUnitInfo [name: default]
2024-05-09T12:58:53.122+02:00  INFO 7520 --- [           main] o.h.c.internal.RegionFactoryInitiator    : HHH000026: Second-level cache disabled
2024-05-09T12:58:53.122+02:00  INFO 7520 --- [           main] o.s.o.j.p.SpringPersistenceUnitInfo      : No LoadTimeWeaver setup: ignoring JPA class transformer
2024-05-09T12:58:53.122+02:00  WARN 7520 --- [           main] org.hibernate.orm.deprecation            : HHH90000025: H2Dialect does not need to be specified explicitly using 'hibernate.dialect' (remove the property setting and it will be selected by default)
2024-05-09T12:58:53.196+02:00  INFO 7520 --- [           main] o.h.e.t.j.p.i.JtaPlatformInitiator       : HHH000489: No JTA platform available (set 'hibernate.transaction.jta.platform' to enable JTA platform integration)
2024-05-09T12:58:53.213+02:00  INFO 7520 --- [           main] j.LocalContainerEntityManagerFactoryBean : Initialized JPA EntityManagerFactory for persistence unit 'default'
2024-05-09T12:58:53.275+02:00  WARN 7520 --- [           main] JpaBaseConfiguration$JpaWebConfiguration : spring.jpa.open-in-view is enabled by default. Therefore, database queries may be performed during view rendering. Explicitly configure spring.jpa.open-in-view to disable this warning
2024-05-09T12:58:53.388+02:00  INFO 7520 --- [           main] o.s.b.w.embedded.tomcat.TomcatWebServer  : Tomcat started on port 58819 (http) with context path ''
2024-05-09T12:58:53.404+02:00  INFO 7520 --- [           main] e.u.i.p.Practica3ApplicationTests        : Started Practica3ApplicationTests in 0.73 seconds (process running for 15.324)
2024-05-09T12:58:53.474+02:00  INFO 7520 --- [o-auto-3-exec-1] o.a.c.c.C.[Tomcat].[localhost].[/]       : Initializing Spring DispatcherServlet 'dispatcherServlet'
2024-05-09T12:58:53.474+02:00  INFO 7520 --- [o-auto-3-exec-1] o.s.web.servlet.DispatcherServlet        : Initializing Servlet 'dispatcherServlet'
2024-05-09T12:58:53.474+02:00  INFO 7520 --- [o-auto-3-exec-1] o.s.web.servlet.DispatcherServlet        : Completed initialization in 0 ms
2024-05-09T12:58:53.620+02:00  INFO 7520 --- [           main] j.LocalContainerEntityManagerFactoryBean : Closing JPA EntityManagerFactory for persistence unit 'default'
2024-05-09T12:58:53.620+02:00  INFO 7520 --- [           main] com.zaxxer.hikari.HikariDataSource       : HikariPool-3 - Shutdown initiated...
2024-05-09T12:58:53.620+02:00  INFO 7520 --- [           main] com.zaxxer.hikari.HikariDataSource       : HikariPool-3 - Shutdown completed.
]]></system-out>
  </testcase>
  <testcase name="devuelveListaProductos" classname="es.uma.informatica.practica3.Practica3ApplicationTests$BaseDatosConDatos" time="0.107">
    <system-out><![CDATA[
  .   ____          _            __ _ _
 /\\ / ___'_ __ _ _(_)_ __  __ _ \ \ \ \
( ( )\___ | '_ | '_| | '_ \/ _` | \ \ \ \
 \\/  ___)| |_)| | | | | || (_| |  ) ) ) )
  '  |____| .__|_| |_|_| |_\__, | / / / /
 =========|_|==============|___/=/_/_/_/
 :: Spring Boot ::                (v3.2.5)

2024-05-09T12:58:53.670+02:00  INFO 7520 --- [           main] e.u.i.p.Practica3ApplicationTests        : Starting Practica3ApplicationTests using Java 22 with PID 7520 (started by Usuario in c:\Users\Usuario\Desktop\Universidad\4º CURSO (2023-2024)\Asignaturas\Segundo Cuatrimestre\Sistemas de Información en Internet\Tema 4\Taller JUnit5\Solución)
2024-05-09T12:58:53.670+02:00  INFO 7520 --- [           main] e.u.i.p.Practica3ApplicationTests        : No active profile set, falling back to 1 default profile: "default"
2024-05-09T12:58:53.869+02:00  INFO 7520 --- [           main] .s.d.r.c.RepositoryConfigurationDelegate : Bootstrapping Spring Data JPA repositories in DEFAULT mode.
2024-05-09T12:58:53.885+02:00  INFO 7520 --- [           main] .s.d.r.c.RepositoryConfigurationDelegate : Finished Spring Data repository scanning in 10 ms. Found 2 JPA repository interfaces.
2024-05-09T12:58:53.954+02:00  INFO 7520 --- [           main] o.s.b.w.embedded.tomcat.TomcatWebServer  : Tomcat initialized with port 0 (http)
2024-05-09T12:58:53.954+02:00  INFO 7520 --- [           main] o.apache.catalina.core.StandardService   : Starting service [Tomcat]
2024-05-09T12:58:53.954+02:00  INFO 7520 --- [           main] o.apache.catalina.core.StandardEngine    : Starting Servlet engine: [Apache Tomcat/10.1.20]
2024-05-09T12:58:53.988+02:00  INFO 7520 --- [           main] o.a.c.c.C.[Tomcat].[localhost].[/]       : Initializing Spring embedded WebApplicationContext
2024-05-09T12:58:53.988+02:00  INFO 7520 --- [           main] w.s.c.ServletWebServerApplicationContext : Root WebApplicationContext: initialization completed in 318 ms
2024-05-09T12:58:54.004+02:00  INFO 7520 --- [           main] com.zaxxer.hikari.HikariDataSource       : HikariPool-4 - Starting...
2024-05-09T12:58:54.004+02:00  INFO 7520 --- [           main] com.zaxxer.hikari.pool.HikariPool        : HikariPool-4 - Added connection conn30: url=jdbc:h2:mem:test user=SA
2024-05-09T12:58:54.004+02:00  INFO 7520 --- [           main] com.zaxxer.hikari.HikariDataSource       : HikariPool-4 - Start completed.
2024-05-09T12:58:54.004+02:00  INFO 7520 --- [           main] o.s.b.a.h2.H2ConsoleAutoConfiguration    : H2 console available at '/h2-console'. Database available at 'jdbc:h2:mem:test'
2024-05-09T12:58:54.037+02:00  INFO 7520 --- [           main] o.hibernate.jpa.internal.util.LogHelper  : HHH000204: Processing PersistenceUnitInfo [name: default]
2024-05-09T12:58:54.043+02:00  INFO 7520 --- [           main] o.h.c.internal.RegionFactoryInitiator    : HHH000026: Second-level cache disabled
2024-05-09T12:58:54.053+02:00  INFO 7520 --- [           main] o.s.o.j.p.SpringPersistenceUnitInfo      : No LoadTimeWeaver setup: ignoring JPA class transformer
2024-05-09T12:58:54.054+02:00  WARN 7520 --- [           main] org.hibernate.orm.deprecation            : HHH90000025: H2Dialect does not need to be specified explicitly using 'hibernate.dialect' (remove the property setting and it will be selected by default)
2024-05-09T12:58:54.126+02:00  INFO 7520 --- [           main] o.h.e.t.j.p.i.JtaPlatformInitiator       : HHH000489: No JTA platform available (set 'hibernate.transaction.jta.platform' to enable JTA platform integration)
2024-05-09T12:58:54.137+02:00  INFO 7520 --- [           main] j.LocalContainerEntityManagerFactoryBean : Initialized JPA EntityManagerFactory for persistence unit 'default'
2024-05-09T12:58:54.190+02:00  WARN 7520 --- [           main] JpaBaseConfiguration$JpaWebConfiguration : spring.jpa.open-in-view is enabled by default. Therefore, database queries may be performed during view rendering. Explicitly configure spring.jpa.open-in-view to disable this warning
2024-05-09T12:58:54.288+02:00  INFO 7520 --- [           main] o.s.b.w.embedded.tomcat.TomcatWebServer  : Tomcat started on port 58822 (http) with context path ''
2024-05-09T12:58:54.289+02:00  INFO 7520 --- [           main] e.u.i.p.Practica3ApplicationTests        : Started Practica3ApplicationTests in 0.669 seconds (process running for 16.215)
2024-05-09T12:58:54.306+02:00  INFO 7520 --- [o-auto-4-exec-1] o.a.c.c.C.[Tomcat].[localhost].[/]       : Initializing Spring DispatcherServlet 'dispatcherServlet'
2024-05-09T12:58:54.306+02:00  INFO 7520 --- [o-auto-4-exec-1] o.s.web.servlet.DispatcherServlet        : Initializing Servlet 'dispatcherServlet'
2024-05-09T12:58:54.321+02:00  INFO 7520 --- [o-auto-4-exec-1] o.s.web.servlet.DispatcherServlet        : Completed initialization in 14 ms
2024-05-09T12:58:54.376+02:00  INFO 7520 --- [           main] j.LocalContainerEntityManagerFactoryBean : Closing JPA EntityManagerFactory for persistence unit 'default'
2024-05-09T12:58:54.390+02:00  INFO 7520 --- [           main] com.zaxxer.hikari.HikariDataSource       : HikariPool-4 - Shutdown initiated...
2024-05-09T12:58:54.391+02:00  INFO 7520 --- [           main] com.zaxxer.hikari.HikariDataSource       : HikariPool-4 - Shutdown completed.
]]></system-out>
  </testcase>
  <testcase name="modificarProducto" classname="es.uma.informatica.practica3.Practica3ApplicationTests$BaseDatosConDatos" time="0.101">
    <system-out><![CDATA[
  .   ____          _            __ _ _
 /\\ / ___'_ __ _ _(_)_ __  __ _ \ \ \ \
( ( )\___ | '_ | '_| | '_ \/ _` | \ \ \ \
 \\/  ___)| |_)| | | | | || (_| |  ) ) ) )
  '  |____| .__|_| |_|_| |_\__, | / / / /
 =========|_|==============|___/=/_/_/_/
 :: Spring Boot ::                (v3.2.5)

2024-05-09T12:58:54.424+02:00  INFO 7520 --- [           main] e.u.i.p.Practica3ApplicationTests        : Starting Practica3ApplicationTests using Java 22 with PID 7520 (started by Usuario in c:\Users\Usuario\Desktop\Universidad\4º CURSO (2023-2024)\Asignaturas\Segundo Cuatrimestre\Sistemas de Información en Internet\Tema 4\Taller JUnit5\Solución)
2024-05-09T12:58:54.425+02:00  INFO 7520 --- [           main] e.u.i.p.Practica3ApplicationTests        : No active profile set, falling back to 1 default profile: "default"
2024-05-09T12:58:54.570+02:00  INFO 7520 --- [           main] .s.d.r.c.RepositoryConfigurationDelegate : Bootstrapping Spring Data JPA repositories in DEFAULT mode.
2024-05-09T12:58:54.586+02:00  INFO 7520 --- [           main] .s.d.r.c.RepositoryConfigurationDelegate : Finished Spring Data repository scanning in 12 ms. Found 2 JPA repository interfaces.
2024-05-09T12:58:54.665+02:00  INFO 7520 --- [           main] o.s.b.w.embedded.tomcat.TomcatWebServer  : Tomcat initialized with port 0 (http)
2024-05-09T12:58:54.665+02:00  INFO 7520 --- [           main] o.apache.catalina.core.StandardService   : Starting service [Tomcat]
2024-05-09T12:58:54.665+02:00  INFO 7520 --- [           main] o.apache.catalina.core.StandardEngine    : Starting Servlet engine: [Apache Tomcat/10.1.20]
2024-05-09T12:58:54.686+02:00  INFO 7520 --- [           main] o.a.c.c.C.[Tomcat].[localhost].[/]       : Initializing Spring embedded WebApplicationContext
2024-05-09T12:58:54.686+02:00  INFO 7520 --- [           main] w.s.c.ServletWebServerApplicationContext : Root WebApplicationContext: initialization completed in 259 ms
2024-05-09T12:58:54.686+02:00  INFO 7520 --- [           main] com.zaxxer.hikari.HikariDataSource       : HikariPool-5 - Starting...
2024-05-09T12:58:54.703+02:00  INFO 7520 --- [           main] com.zaxxer.hikari.pool.HikariPool        : HikariPool-5 - Added connection conn40: url=jdbc:h2:mem:test user=SA
2024-05-09T12:58:54.703+02:00  INFO 7520 --- [           main] com.zaxxer.hikari.HikariDataSource       : HikariPool-5 - Start completed.
2024-05-09T12:58:54.703+02:00  INFO 7520 --- [           main] o.s.b.a.h2.H2ConsoleAutoConfiguration    : H2 console available at '/h2-console'. Database available at 'jdbc:h2:mem:test'
2024-05-09T12:58:54.720+02:00  INFO 7520 --- [           main] o.hibernate.jpa.internal.util.LogHelper  : HHH000204: Processing PersistenceUnitInfo [name: default]
2024-05-09T12:58:54.720+02:00  INFO 7520 --- [           main] o.h.c.internal.RegionFactoryInitiator    : HHH000026: Second-level cache disabled
2024-05-09T12:58:54.720+02:00  INFO 7520 --- [           main] o.s.o.j.p.SpringPersistenceUnitInfo      : No LoadTimeWeaver setup: ignoring JPA class transformer
2024-05-09T12:58:54.737+02:00  WARN 7520 --- [           main] org.hibernate.orm.deprecation            : HHH90000025: H2Dialect does not need to be specified explicitly using 'hibernate.dialect' (remove the property setting and it will be selected by default)
2024-05-09T12:58:54.807+02:00  INFO 7520 --- [           main] o.h.e.t.j.p.i.JtaPlatformInitiator       : HHH000489: No JTA platform available (set 'hibernate.transaction.jta.platform' to enable JTA platform integration)
2024-05-09T12:58:54.809+02:00  INFO 7520 --- [           main] j.LocalContainerEntityManagerFactoryBean : Initialized JPA EntityManagerFactory for persistence unit 'default'
2024-05-09T12:58:54.858+02:00  WARN 7520 --- [           main] JpaBaseConfiguration$JpaWebConfiguration : spring.jpa.open-in-view is enabled by default. Therefore, database queries may be performed during view rendering. Explicitly configure spring.jpa.open-in-view to disable this warning
2024-05-09T12:58:54.955+02:00  INFO 7520 --- [           main] o.s.b.w.embedded.tomcat.TomcatWebServer  : Tomcat started on port 58825 (http) with context path ''
2024-05-09T12:58:54.955+02:00  INFO 7520 --- [           main] e.u.i.p.Practica3ApplicationTests        : Started Practica3ApplicationTests in 0.559 seconds (process running for 16.878)
2024-05-09T12:58:54.980+02:00  INFO 7520 --- [o-auto-5-exec-1] o.a.c.c.C.[Tomcat].[localhost].[/]       : Initializing Spring DispatcherServlet 'dispatcherServlet'
2024-05-09T12:58:54.980+02:00  INFO 7520 --- [o-auto-5-exec-1] o.s.web.servlet.DispatcherServlet        : Initializing Servlet 'dispatcherServlet'
2024-05-09T12:58:54.981+02:00  INFO 7520 --- [o-auto-5-exec-1] o.s.web.servlet.DispatcherServlet        : Completed initialization in 1 ms
2024-05-09T12:58:55.039+02:00  INFO 7520 --- [           main] j.LocalContainerEntityManagerFactoryBean : Closing JPA EntityManagerFactory for persistence unit 'default'
2024-05-09T12:58:55.039+02:00  INFO 7520 --- [           main] com.zaxxer.hikari.HikariDataSource       : HikariPool-5 - Shutdown initiated...
2024-05-09T12:58:55.039+02:00  INFO 7520 --- [           main] com.zaxxer.hikari.HikariDataSource       : HikariPool-5 - Shutdown completed.
]]></system-out>
  </testcase>
  <testcase name="devuelveListaIngredientes" classname="es.uma.informatica.practica3.Practica3ApplicationTests$BaseDatosConDatos" time="0.053">
    <system-out><![CDATA[
  .   ____          _            __ _ _
 /\\ / ___'_ __ _ _(_)_ __  __ _ \ \ \ \
( ( )\___ | '_ | '_| | '_ \/ _` | \ \ \ \
 \\/  ___)| |_)| | | | | || (_| |  ) ) ) )
  '  |____| .__|_| |_|_| |_\__, | / / / /
 =========|_|==============|___/=/_/_/_/
 :: Spring Boot ::                (v3.2.5)

2024-05-09T12:58:55.093+02:00  INFO 7520 --- [           main] e.u.i.p.Practica3ApplicationTests        : Starting Practica3ApplicationTests using Java 22 with PID 7520 (started by Usuario in c:\Users\Usuario\Desktop\Universidad\4º CURSO (2023-2024)\Asignaturas\Segundo Cuatrimestre\Sistemas de Información en Internet\Tema 4\Taller JUnit5\Solución)
2024-05-09T12:58:55.093+02:00  INFO 7520 --- [           main] e.u.i.p.Practica3ApplicationTests        : No active profile set, falling back to 1 default profile: "default"
2024-05-09T12:58:55.272+02:00  INFO 7520 --- [           main] .s.d.r.c.RepositoryConfigurationDelegate : Bootstrapping Spring Data JPA repositories in DEFAULT mode.
2024-05-09T12:58:55.295+02:00  INFO 7520 --- [           main] .s.d.r.c.RepositoryConfigurationDelegate : Finished Spring Data repository scanning in 12 ms. Found 2 JPA repository interfaces.
2024-05-09T12:58:55.372+02:00  INFO 7520 --- [           main] o.s.b.w.embedded.tomcat.TomcatWebServer  : Tomcat initialized with port 0 (http)
2024-05-09T12:58:55.372+02:00  INFO 7520 --- [           main] o.apache.catalina.core.StandardService   : Starting service [Tomcat]
2024-05-09T12:58:55.372+02:00  INFO 7520 --- [           main] o.apache.catalina.core.StandardEngine    : Starting Servlet engine: [Apache Tomcat/10.1.20]
2024-05-09T12:58:55.409+02:00  INFO 7520 --- [           main] o.a.c.c.C.[Tomcat].[localhost].[/]       : Initializing Spring embedded WebApplicationContext
2024-05-09T12:58:55.409+02:00  INFO 7520 --- [           main] w.s.c.ServletWebServerApplicationContext : Root WebApplicationContext: initialization completed in 314 ms
2024-05-09T12:58:55.421+02:00  INFO 7520 --- [           main] com.zaxxer.hikari.HikariDataSource       : HikariPool-6 - Starting...
2024-05-09T12:58:55.424+02:00  INFO 7520 --- [           main] com.zaxxer.hikari.pool.HikariPool        : HikariPool-6 - Added connection conn50: url=jdbc:h2:mem:test user=SA
2024-05-09T12:58:55.425+02:00  INFO 7520 --- [           main] com.zaxxer.hikari.HikariDataSource       : HikariPool-6 - Start completed.
2024-05-09T12:58:55.425+02:00  INFO 7520 --- [           main] o.s.b.a.h2.H2ConsoleAutoConfiguration    : H2 console available at '/h2-console'. Database available at 'jdbc:h2:mem:test'
2024-05-09T12:58:55.458+02:00  INFO 7520 --- [           main] o.hibernate.jpa.internal.util.LogHelper  : HHH000204: Processing PersistenceUnitInfo [name: default]
2024-05-09T12:58:55.460+02:00  INFO 7520 --- [           main] o.h.c.internal.RegionFactoryInitiator    : HHH000026: Second-level cache disabled
2024-05-09T12:58:55.469+02:00  INFO 7520 --- [           main] o.s.o.j.p.SpringPersistenceUnitInfo      : No LoadTimeWeaver setup: ignoring JPA class transformer
2024-05-09T12:58:55.472+02:00  WARN 7520 --- [           main] org.hibernate.orm.deprecation            : HHH90000025: H2Dialect does not need to be specified explicitly using 'hibernate.dialect' (remove the property setting and it will be selected by default)
2024-05-09T12:58:55.535+02:00  INFO 7520 --- [           main] o.h.e.t.j.p.i.JtaPlatformInitiator       : HHH000489: No JTA platform available (set 'hibernate.transaction.jta.platform' to enable JTA platform integration)
2024-05-09T12:58:55.535+02:00  INFO 7520 --- [           main] j.LocalContainerEntityManagerFactoryBean : Initialized JPA EntityManagerFactory for persistence unit 'default'
2024-05-09T12:58:55.602+02:00  WARN 7520 --- [           main] JpaBaseConfiguration$JpaWebConfiguration : spring.jpa.open-in-view is enabled by default. Therefore, database queries may be performed during view rendering. Explicitly configure spring.jpa.open-in-view to disable this warning
2024-05-09T12:58:55.705+02:00  INFO 7520 --- [           main] o.s.b.w.embedded.tomcat.TomcatWebServer  : Tomcat started on port 58828 (http) with context path ''
2024-05-09T12:58:55.705+02:00  INFO 7520 --- [           main] e.u.i.p.Practica3ApplicationTests        : Started Practica3ApplicationTests in 0.649 seconds (process running for 17.631)
2024-05-09T12:58:55.721+02:00  INFO 7520 --- [o-auto-6-exec-1] o.a.c.c.C.[Tomcat].[localhost].[/]       : Initializing Spring DispatcherServlet 'dispatcherServlet'
2024-05-09T12:58:55.721+02:00  INFO 7520 --- [o-auto-6-exec-1] o.s.web.servlet.DispatcherServlet        : Initializing Servlet 'dispatcherServlet'
2024-05-09T12:58:55.721+02:00  INFO 7520 --- [o-auto-6-exec-1] o.s.web.servlet.DispatcherServlet        : Completed initialization in 0 ms
2024-05-09T12:58:55.758+02:00  INFO 7520 --- [           main] j.LocalContainerEntityManagerFactoryBean : Closing JPA EntityManagerFactory for persistence unit 'default'
2024-05-09T12:58:55.758+02:00  INFO 7520 --- [           main] com.zaxxer.hikari.HikariDataSource       : HikariPool-6 - Shutdown initiated...
2024-05-09T12:58:55.758+02:00  INFO 7520 --- [           main] com.zaxxer.hikari.HikariDataSource       : HikariPool-6 - Shutdown completed.
]]></system-out>
  </testcase>
  <testcase name="errorConProductoConcreto" classname="es.uma.informatica.practica3.Practica3ApplicationTests$BaseDatosConDatos" time="0.069">
    <system-out><![CDATA[
  .   ____          _            __ _ _
 /\\ / ___'_ __ _ _(_)_ __  __ _ \ \ \ \
( ( )\___ | '_ | '_| | '_ \/ _` | \ \ \ \
 \\/  ___)| |_)| | | | | || (_| |  ) ) ) )
  '  |____| .__|_| |_|_| |_\__, | / / / /
 =========|_|==============|___/=/_/_/_/
 :: Spring Boot ::                (v3.2.5)

2024-05-09T12:58:55.791+02:00  INFO 7520 --- [           main] e.u.i.p.Practica3ApplicationTests        : Starting Practica3ApplicationTests using Java 22 with PID 7520 (started by Usuario in c:\Users\Usuario\Desktop\Universidad\4º CURSO (2023-2024)\Asignaturas\Segundo Cuatrimestre\Sistemas de Información en Internet\Tema 4\Taller JUnit5\Solución)
2024-05-09T12:58:55.791+02:00  INFO 7520 --- [           main] e.u.i.p.Practica3ApplicationTests        : No active profile set, falling back to 1 default profile: "default"
2024-05-09T12:58:55.982+02:00  INFO 7520 --- [           main] .s.d.r.c.RepositoryConfigurationDelegate : Bootstrapping Spring Data JPA repositories in DEFAULT mode.
2024-05-09T12:58:55.982+02:00  INFO 7520 --- [           main] .s.d.r.c.RepositoryConfigurationDelegate : Finished Spring Data repository scanning in 10 ms. Found 2 JPA repository interfaces.
2024-05-09T12:58:56.045+02:00  INFO 7520 --- [           main] o.s.b.w.embedded.tomcat.TomcatWebServer  : Tomcat initialized with port 0 (http)
2024-05-09T12:58:56.045+02:00  INFO 7520 --- [           main] o.apache.catalina.core.StandardService   : Starting service [Tomcat]
2024-05-09T12:58:56.045+02:00  INFO 7520 --- [           main] o.apache.catalina.core.StandardEngine    : Starting Servlet engine: [Apache Tomcat/10.1.20]
2024-05-09T12:58:56.079+02:00  INFO 7520 --- [           main] o.a.c.c.C.[Tomcat].[localhost].[/]       : Initializing Spring embedded WebApplicationContext
2024-05-09T12:58:56.079+02:00  INFO 7520 --- [           main] w.s.c.ServletWebServerApplicationContext : Root WebApplicationContext: initialization completed in 288 ms
2024-05-09T12:58:56.083+02:00  INFO 7520 --- [           main] com.zaxxer.hikari.HikariDataSource       : HikariPool-7 - Starting...
2024-05-09T12:58:56.083+02:00  INFO 7520 --- [           main] com.zaxxer.hikari.pool.HikariPool        : HikariPool-7 - Added connection conn60: url=jdbc:h2:mem:test user=SA
2024-05-09T12:58:56.083+02:00  INFO 7520 --- [           main] com.zaxxer.hikari.HikariDataSource       : HikariPool-7 - Start completed.
2024-05-09T12:58:56.083+02:00  INFO 7520 --- [           main] o.s.b.a.h2.H2ConsoleAutoConfiguration    : H2 console available at '/h2-console'. Database available at 'jdbc:h2:mem:test'
2024-05-09T12:58:56.121+02:00  INFO 7520 --- [           main] o.hibernate.jpa.internal.util.LogHelper  : HHH000204: Processing PersistenceUnitInfo [name: default]
2024-05-09T12:58:56.134+02:00  INFO 7520 --- [           main] o.h.c.internal.RegionFactoryInitiator    : HHH000026: Second-level cache disabled
2024-05-09T12:58:56.137+02:00  INFO 7520 --- [           main] o.s.o.j.p.SpringPersistenceUnitInfo      : No LoadTimeWeaver setup: ignoring JPA class transformer
2024-05-09T12:58:56.137+02:00  WARN 7520 --- [           main] org.hibernate.orm.deprecation            : HHH90000025: H2Dialect does not need to be specified explicitly using 'hibernate.dialect' (remove the property setting and it will be selected by default)
2024-05-09T12:58:56.217+02:00  INFO 7520 --- [           main] o.h.e.t.j.p.i.JtaPlatformInitiator       : HHH000489: No JTA platform available (set 'hibernate.transaction.jta.platform' to enable JTA platform integration)
2024-05-09T12:58:56.222+02:00  INFO 7520 --- [           main] j.LocalContainerEntityManagerFactoryBean : Initialized JPA EntityManagerFactory for persistence unit 'default'
2024-05-09T12:58:56.272+02:00  WARN 7520 --- [           main] JpaBaseConfiguration$JpaWebConfiguration : spring.jpa.open-in-view is enabled by default. Therefore, database queries may be performed during view rendering. Explicitly configure spring.jpa.open-in-view to disable this warning
2024-05-09T12:58:56.353+02:00  INFO 7520 --- [           main] o.s.b.w.embedded.tomcat.TomcatWebServer  : Tomcat started on port 58831 (http) with context path ''
2024-05-09T12:58:56.353+02:00  INFO 7520 --- [           main] e.u.i.p.Practica3ApplicationTests        : Started Practica3ApplicationTests in 0.582 seconds (process running for 18.278)
2024-05-09T12:58:56.389+02:00  INFO 7520 --- [o-auto-7-exec-1] o.a.c.c.C.[Tomcat].[localhost].[/]       : Initializing Spring DispatcherServlet 'dispatcherServlet'
2024-05-09T12:58:56.389+02:00  INFO 7520 --- [o-auto-7-exec-1] o.s.web.servlet.DispatcherServlet        : Initializing Servlet 'dispatcherServlet'
2024-05-09T12:58:56.390+02:00  INFO 7520 --- [o-auto-7-exec-1] o.s.web.servlet.DispatcherServlet        : Completed initialization in 1 ms
2024-05-09T12:58:56.406+02:00  INFO 7520 --- [           main] j.LocalContainerEntityManagerFactoryBean : Closing JPA EntityManagerFactory for persistence unit 'default'
2024-05-09T12:58:56.406+02:00  INFO 7520 --- [           main] com.zaxxer.hikari.HikariDataSource       : HikariPool-7 - Shutdown initiated...
2024-05-09T12:58:56.418+02:00  INFO 7520 --- [           main] com.zaxxer.hikari.HikariDataSource       : HikariPool-7 - Shutdown completed.
]]></system-out>
  </testcase>
  <testcase name="insertaProductoIndicandoIngredienteConId" classname="es.uma.informatica.practica3.Practica3ApplicationTests$BaseDatosConDatos" time="0.076">
    <system-out><![CDATA[
  .   ____          _            __ _ _
 /\\ / ___'_ __ _ _(_)_ __  __ _ \ \ \ \
( ( )\___ | '_ | '_| | '_ \/ _` | \ \ \ \
 \\/  ___)| |_)| | | | | || (_| |  ) ) ) )
  '  |____| .__|_| |_|_| |_\__, | / / / /
 =========|_|==============|___/=/_/_/_/
 :: Spring Boot ::                (v3.2.5)

2024-05-09T12:58:56.437+02:00  INFO 7520 --- [           main] e.u.i.p.Practica3ApplicationTests        : Starting Practica3ApplicationTests using Java 22 with PID 7520 (started by Usuario in c:\Users\Usuario\Desktop\Universidad\4º CURSO (2023-2024)\Asignaturas\Segundo Cuatrimestre\Sistemas de Información en Internet\Tema 4\Taller JUnit5\Solución)
2024-05-09T12:58:56.437+02:00  INFO 7520 --- [           main] e.u.i.p.Practica3ApplicationTests        : No active profile set, falling back to 1 default profile: "default"
2024-05-09T12:58:56.600+02:00  INFO 7520 --- [           main] .s.d.r.c.RepositoryConfigurationDelegate : Bootstrapping Spring Data JPA repositories in DEFAULT mode.
2024-05-09T12:58:56.620+02:00  INFO 7520 --- [           main] .s.d.r.c.RepositoryConfigurationDelegate : Finished Spring Data repository scanning in 10 ms. Found 2 JPA repository interfaces.
2024-05-09T12:58:56.668+02:00  INFO 7520 --- [           main] o.s.b.w.embedded.tomcat.TomcatWebServer  : Tomcat initialized with port 0 (http)
2024-05-09T12:58:56.668+02:00  INFO 7520 --- [           main] o.apache.catalina.core.StandardService   : Starting service [Tomcat]
2024-05-09T12:58:56.668+02:00  INFO 7520 --- [           main] o.apache.catalina.core.StandardEngine    : Starting Servlet engine: [Apache Tomcat/10.1.20]
2024-05-09T12:58:56.685+02:00  INFO 7520 --- [           main] o.a.c.c.C.[Tomcat].[localhost].[/]       : Initializing Spring embedded WebApplicationContext
2024-05-09T12:58:56.685+02:00  INFO 7520 --- [           main] w.s.c.ServletWebServerApplicationContext : Root WebApplicationContext: initialization completed in 235 ms
2024-05-09T12:58:56.709+02:00  INFO 7520 --- [           main] com.zaxxer.hikari.HikariDataSource       : HikariPool-8 - Starting...
2024-05-09T12:58:56.712+02:00  INFO 7520 --- [           main] com.zaxxer.hikari.pool.HikariPool        : HikariPool-8 - Added connection conn70: url=jdbc:h2:mem:test user=SA
2024-05-09T12:58:56.712+02:00  INFO 7520 --- [           main] com.zaxxer.hikari.HikariDataSource       : HikariPool-8 - Start completed.
2024-05-09T12:58:56.712+02:00  INFO 7520 --- [           main] o.s.b.a.h2.H2ConsoleAutoConfiguration    : H2 console available at '/h2-console'. Database available at 'jdbc:h2:mem:test'
2024-05-09T12:58:56.735+02:00  INFO 7520 --- [           main] o.hibernate.jpa.internal.util.LogHelper  : HHH000204: Processing PersistenceUnitInfo [name: default]
2024-05-09T12:58:56.735+02:00  INFO 7520 --- [           main] o.h.c.internal.RegionFactoryInitiator    : HHH000026: Second-level cache disabled
2024-05-09T12:58:56.735+02:00  INFO 7520 --- [           main] o.s.o.j.p.SpringPersistenceUnitInfo      : No LoadTimeWeaver setup: ignoring JPA class transformer
2024-05-09T12:58:56.750+02:00  WARN 7520 --- [           main] org.hibernate.orm.deprecation            : HHH90000025: H2Dialect does not need to be specified explicitly using 'hibernate.dialect' (remove the property setting and it will be selected by default)
2024-05-09T12:58:56.812+02:00  INFO 7520 --- [           main] o.h.e.t.j.p.i.JtaPlatformInitiator       : HHH000489: No JTA platform available (set 'hibernate.transaction.jta.platform' to enable JTA platform integration)
2024-05-09T12:58:56.824+02:00  INFO 7520 --- [           main] j.LocalContainerEntityManagerFactoryBean : Initialized JPA EntityManagerFactory for persistence unit 'default'
2024-05-09T12:58:56.857+02:00  WARN 7520 --- [           main] JpaBaseConfiguration$JpaWebConfiguration : spring.jpa.open-in-view is enabled by default. Therefore, database queries may be performed during view rendering. Explicitly configure spring.jpa.open-in-view to disable this warning
2024-05-09T12:58:56.954+02:00  INFO 7520 --- [           main] o.s.b.w.embedded.tomcat.TomcatWebServer  : Tomcat started on port 58834 (http) with context path ''
2024-05-09T12:58:56.957+02:00  INFO 7520 --- [           main] e.u.i.p.Practica3ApplicationTests        : Started Practica3ApplicationTests in 0.533 seconds (process running for 18.876)
2024-05-09T12:58:56.969+02:00  INFO 7520 --- [o-auto-8-exec-1] o.a.c.c.C.[Tomcat].[localhost].[/]       : Initializing Spring DispatcherServlet 'dispatcherServlet'
2024-05-09T12:58:56.969+02:00  INFO 7520 --- [o-auto-8-exec-1] o.s.web.servlet.DispatcherServlet        : Initializing Servlet 'dispatcherServlet'
2024-05-09T12:58:56.969+02:00  INFO 7520 --- [o-auto-8-exec-1] o.s.web.servlet.DispatcherServlet        : Completed initialization in 0 ms
2024-05-09T12:58:57.022+02:00  INFO 7520 --- [           main] j.LocalContainerEntityManagerFactoryBean : Closing JPA EntityManagerFactory for persistence unit 'default'
2024-05-09T12:58:57.022+02:00  INFO 7520 --- [           main] com.zaxxer.hikari.HikariDataSource       : HikariPool-8 - Shutdown initiated...
2024-05-09T12:58:57.022+02:00  INFO 7520 --- [           main] com.zaxxer.hikari.HikariDataSource       : HikariPool-8 - Shutdown completed.
]]></system-out>
  </testcase>
  <testcase name="obtenerIngredienteConcreto" classname="es.uma.informatica.practica3.Practica3ApplicationTests$BaseDatosConDatos" time="0.056">
    <system-out><![CDATA[
  .   ____          _            __ _ _
 /\\ / ___'_ __ _ _(_)_ __  __ _ \ \ \ \
( ( )\___ | '_ | '_| | '_ \/ _` | \ \ \ \
 \\/  ___)| |_)| | | | | || (_| |  ) ) ) )
  '  |____| .__|_| |_|_| |_\__, | / / / /
 =========|_|==============|___/=/_/_/_/
 :: Spring Boot ::                (v3.2.5)

2024-05-09T12:58:57.067+02:00  INFO 7520 --- [           main] e.u.i.p.Practica3ApplicationTests        : Starting Practica3ApplicationTests using Java 22 with PID 7520 (started by Usuario in c:\Users\Usuario\Desktop\Universidad\4º CURSO (2023-2024)\Asignaturas\Segundo Cuatrimestre\Sistemas de Información en Internet\Tema 4\Taller JUnit5\Solución)
2024-05-09T12:58:57.068+02:00  INFO 7520 --- [           main] e.u.i.p.Practica3ApplicationTests        : No active profile set, falling back to 1 default profile: "default"
2024-05-09T12:58:57.235+02:00  INFO 7520 --- [           main] .s.d.r.c.RepositoryConfigurationDelegate : Bootstrapping Spring Data JPA repositories in DEFAULT mode.
2024-05-09T12:58:57.247+02:00  INFO 7520 --- [           main] .s.d.r.c.RepositoryConfigurationDelegate : Finished Spring Data repository scanning in 10 ms. Found 2 JPA repository interfaces.
2024-05-09T12:58:57.297+02:00  INFO 7520 --- [           main] o.s.b.w.embedded.tomcat.TomcatWebServer  : Tomcat initialized with port 0 (http)
2024-05-09T12:58:57.297+02:00  INFO 7520 --- [           main] o.apache.catalina.core.StandardService   : Starting service [Tomcat]
2024-05-09T12:58:57.297+02:00  INFO 7520 --- [           main] o.apache.catalina.core.StandardEngine    : Starting Servlet engine: [Apache Tomcat/10.1.20]
2024-05-09T12:58:57.313+02:00  INFO 7520 --- [           main] o.a.c.c.C.[Tomcat].[localhost].[/]       : Initializing Spring embedded WebApplicationContext
2024-05-09T12:58:57.313+02:00  INFO 7520 --- [           main] w.s.c.ServletWebServerApplicationContext : Root WebApplicationContext: initialization completed in 242 ms
2024-05-09T12:58:57.329+02:00  INFO 7520 --- [           main] com.zaxxer.hikari.HikariDataSource       : HikariPool-9 - Starting...
2024-05-09T12:58:57.354+02:00  INFO 7520 --- [           main] com.zaxxer.hikari.pool.HikariPool        : HikariPool-9 - Added connection conn80: url=jdbc:h2:mem:test user=SA
2024-05-09T12:58:57.355+02:00  INFO 7520 --- [           main] com.zaxxer.hikari.HikariDataSource       : HikariPool-9 - Start completed.
2024-05-09T12:58:57.356+02:00  INFO 7520 --- [           main] o.s.b.a.h2.H2ConsoleAutoConfiguration    : H2 console available at '/h2-console'. Database available at 'jdbc:h2:mem:test'
2024-05-09T12:58:57.384+02:00  INFO 7520 --- [           main] o.hibernate.jpa.internal.util.LogHelper  : HHH000204: Processing PersistenceUnitInfo [name: default]
2024-05-09T12:58:57.384+02:00  INFO 7520 --- [           main] o.h.c.internal.RegionFactoryInitiator    : HHH000026: Second-level cache disabled
2024-05-09T12:58:57.384+02:00  INFO 7520 --- [           main] o.s.o.j.p.SpringPersistenceUnitInfo      : No LoadTimeWeaver setup: ignoring JPA class transformer
2024-05-09T12:58:57.384+02:00  WARN 7520 --- [           main] org.hibernate.orm.deprecation            : HHH90000025: H2Dialect does not need to be specified explicitly using 'hibernate.dialect' (remove the property setting and it will be selected by default)
2024-05-09T12:58:57.442+02:00  INFO 7520 --- [           main] o.h.e.t.j.p.i.JtaPlatformInitiator       : HHH000489: No JTA platform available (set 'hibernate.transaction.jta.platform' to enable JTA platform integration)
2024-05-09T12:58:57.454+02:00  INFO 7520 --- [           main] j.LocalContainerEntityManagerFactoryBean : Initialized JPA EntityManagerFactory for persistence unit 'default'
2024-05-09T12:58:57.484+02:00  WARN 7520 --- [           main] JpaBaseConfiguration$JpaWebConfiguration : spring.jpa.open-in-view is enabled by default. Therefore, database queries may be performed during view rendering. Explicitly configure spring.jpa.open-in-view to disable this warning
2024-05-09T12:58:57.591+02:00  INFO 7520 --- [           main] o.s.b.w.embedded.tomcat.TomcatWebServer  : Tomcat started on port 58837 (http) with context path ''
2024-05-09T12:58:57.591+02:00  INFO 7520 --- [           main] e.u.i.p.Practica3ApplicationTests        : Started Practica3ApplicationTests in 0.554 seconds (process running for 19.517)
2024-05-09T12:58:57.620+02:00  INFO 7520 --- [o-auto-9-exec-1] o.a.c.c.C.[Tomcat].[localhost].[/]       : Initializing Spring DispatcherServlet 'dispatcherServlet'
2024-05-09T12:58:57.620+02:00  INFO 7520 --- [o-auto-9-exec-1] o.s.web.servlet.DispatcherServlet        : Initializing Servlet 'dispatcherServlet'
2024-05-09T12:58:57.620+02:00  INFO 7520 --- [o-auto-9-exec-1] o.s.web.servlet.DispatcherServlet        : Completed initialization in 0 ms
2024-05-09T12:58:57.639+02:00  INFO 7520 --- [           main] j.LocalContainerEntityManagerFactoryBean : Closing JPA EntityManagerFactory for persistence unit 'default'
2024-05-09T12:58:57.651+02:00  INFO 7520 --- [           main] com.zaxxer.hikari.HikariDataSource       : HikariPool-9 - Shutdown initiated...
2024-05-09T12:58:57.653+02:00  INFO 7520 --- [           main] com.zaxxer.hikari.HikariDataSource       : HikariPool-9 - Shutdown completed.
]]></system-out>
  </testcase>
  <testcase name="insertaIngredienteExistente" classname="es.uma.informatica.practica3.Practica3ApplicationTests$BaseDatosConDatos" time="0.046">
    <system-out><![CDATA[
  .   ____          _            __ _ _
 /\\ / ___'_ __ _ _(_)_ __  __ _ \ \ \ \
( ( )\___ | '_ | '_| | '_ \/ _` | \ \ \ \
 \\/  ___)| |_)| | | | | || (_| |  ) ) ) )
  '  |____| .__|_| |_|_| |_\__, | / / / /
 =========|_|==============|___/=/_/_/_/
 :: Spring Boot ::                (v3.2.5)

2024-05-09T12:58:57.685+02:00  INFO 7520 --- [           main] e.u.i.p.Practica3ApplicationTests        : Starting Practica3ApplicationTests using Java 22 with PID 7520 (started by Usuario in c:\Users\Usuario\Desktop\Universidad\4º CURSO (2023-2024)\Asignaturas\Segundo Cuatrimestre\Sistemas de Información en Internet\Tema 4\Taller JUnit5\Solución)
2024-05-09T12:58:57.685+02:00  INFO 7520 --- [           main] e.u.i.p.Practica3ApplicationTests        : No active profile set, falling back to 1 default profile: "default"
2024-05-09T12:58:57.819+02:00  INFO 7520 --- [           main] .s.d.r.c.RepositoryConfigurationDelegate : Bootstrapping Spring Data JPA repositories in DEFAULT mode.
2024-05-09T12:58:57.835+02:00  INFO 7520 --- [           main] .s.d.r.c.RepositoryConfigurationDelegate : Finished Spring Data repository scanning in 11 ms. Found 2 JPA repository interfaces.
2024-05-09T12:58:57.884+02:00  INFO 7520 --- [           main] o.s.b.w.embedded.tomcat.TomcatWebServer  : Tomcat initialized with port 0 (http)
2024-05-09T12:58:57.884+02:00  INFO 7520 --- [           main] o.apache.catalina.core.StandardService   : Starting service [Tomcat]
2024-05-09T12:58:57.884+02:00  INFO 7520 --- [           main] o.apache.catalina.core.StandardEngine    : Starting Servlet engine: [Apache Tomcat/10.1.20]
2024-05-09T12:58:57.920+02:00  INFO 7520 --- [           main] o.a.c.c.C.[Tomcat].[localhost].[/]       : Initializing Spring embedded WebApplicationContext
2024-05-09T12:58:57.920+02:00  INFO 7520 --- [           main] w.s.c.ServletWebServerApplicationContext : Root WebApplicationContext: initialization completed in 233 ms
2024-05-09T12:58:57.934+02:00  INFO 7520 --- [           main] com.zaxxer.hikari.HikariDataSource       : HikariPool-10 - Starting...
2024-05-09T12:58:57.936+02:00  INFO 7520 --- [           main] com.zaxxer.hikari.pool.HikariPool        : HikariPool-10 - Added connection conn90: url=jdbc:h2:mem:test user=SA
2024-05-09T12:58:57.936+02:00  INFO 7520 --- [           main] com.zaxxer.hikari.HikariDataSource       : HikariPool-10 - Start completed.
2024-05-09T12:58:57.936+02:00  INFO 7520 --- [           main] o.s.b.a.h2.H2ConsoleAutoConfiguration    : H2 console available at '/h2-console'. Database available at 'jdbc:h2:mem:test'
2024-05-09T12:58:57.951+02:00  INFO 7520 --- [           main] o.hibernate.jpa.internal.util.LogHelper  : HHH000204: Processing PersistenceUnitInfo [name: default]
2024-05-09T12:58:57.951+02:00  INFO 7520 --- [           main] o.h.c.internal.RegionFactoryInitiator    : HHH000026: Second-level cache disabled
2024-05-09T12:58:57.967+02:00  INFO 7520 --- [           main] o.s.o.j.p.SpringPersistenceUnitInfo      : No LoadTimeWeaver setup: ignoring JPA class transformer
2024-05-09T12:58:57.969+02:00  WARN 7520 --- [           main] org.hibernate.orm.deprecation            : HHH90000025: H2Dialect does not need to be specified explicitly using 'hibernate.dialect' (remove the property setting and it will be selected by default)
2024-05-09T12:58:58.025+02:00  INFO 7520 --- [           main] o.h.e.t.j.p.i.JtaPlatformInitiator       : HHH000489: No JTA platform available (set 'hibernate.transaction.jta.platform' to enable JTA platform integration)
2024-05-09T12:58:58.036+02:00  INFO 7520 --- [           main] j.LocalContainerEntityManagerFactoryBean : Initialized JPA EntityManagerFactory for persistence unit 'default'
2024-05-09T12:58:58.078+02:00  WARN 7520 --- [           main] JpaBaseConfiguration$JpaWebConfiguration : spring.jpa.open-in-view is enabled by default. Therefore, database queries may be performed during view rendering. Explicitly configure spring.jpa.open-in-view to disable this warning
2024-05-09T12:58:58.169+02:00  INFO 7520 --- [           main] o.s.b.w.embedded.tomcat.TomcatWebServer  : Tomcat started on port 58840 (http) with context path ''
2024-05-09T12:58:58.169+02:00  INFO 7520 --- [           main] e.u.i.p.Practica3ApplicationTests        : Started Practica3ApplicationTests in 0.509 seconds (process running for 20.091)
2024-05-09T12:58:58.185+02:00  INFO 7520 --- [-auto-10-exec-1] o.a.c.c.C.[Tomcat].[localhost].[/]       : Initializing Spring DispatcherServlet 'dispatcherServlet'
2024-05-09T12:58:58.185+02:00  INFO 7520 --- [-auto-10-exec-1] o.s.web.servlet.DispatcherServlet        : Initializing Servlet 'dispatcherServlet'
2024-05-09T12:58:58.185+02:00  INFO 7520 --- [-auto-10-exec-1] o.s.web.servlet.DispatcherServlet        : Completed initialization in 0 ms
2024-05-09T12:58:58.205+02:00  INFO 7520 --- [           main] j.LocalContainerEntityManagerFactoryBean : Closing JPA EntityManagerFactory for persistence unit 'default'
2024-05-09T12:58:58.205+02:00  INFO 7520 --- [           main] com.zaxxer.hikari.HikariDataSource       : HikariPool-10 - Shutdown initiated...
2024-05-09T12:58:58.205+02:00  INFO 7520 --- [           main] com.zaxxer.hikari.HikariDataSource       : HikariPool-10 - Shutdown completed.
]]></system-out>
  </testcase>
  <testcase name="modificarIngrediente" classname="es.uma.informatica.practica3.Practica3ApplicationTests$BaseDatosConDatos" time="0.05">
    <system-out><![CDATA[
  .   ____          _            __ _ _
 /\\ / ___'_ __ _ _(_)_ __  __ _ \ \ \ \
( ( )\___ | '_ | '_| | '_ \/ _` | \ \ \ \
 \\/  ___)| |_)| | | | | || (_| |  ) ) ) )
  '  |____| .__|_| |_|_| |_\__, | / / / /
 =========|_|==============|___/=/_/_/_/
 :: Spring Boot ::                (v3.2.5)

2024-05-09T12:58:58.240+02:00  INFO 7520 --- [           main] e.u.i.p.Practica3ApplicationTests        : Starting Practica3ApplicationTests using Java 22 with PID 7520 (started by Usuario in c:\Users\Usuario\Desktop\Universidad\4º CURSO (2023-2024)\Asignaturas\Segundo Cuatrimestre\Sistemas de Información en Internet\Tema 4\Taller JUnit5\Solución)
2024-05-09T12:58:58.240+02:00  INFO 7520 --- [           main] e.u.i.p.Practica3ApplicationTests        : No active profile set, falling back to 1 default profile: "default"
2024-05-09T12:58:58.368+02:00  INFO 7520 --- [           main] .s.d.r.c.RepositoryConfigurationDelegate : Bootstrapping Spring Data JPA repositories in DEFAULT mode.
2024-05-09T12:58:58.385+02:00  INFO 7520 --- [           main] .s.d.r.c.RepositoryConfigurationDelegate : Finished Spring Data repository scanning in 13 ms. Found 2 JPA repository interfaces.
2024-05-09T12:58:58.468+02:00  INFO 7520 --- [           main] o.s.b.w.embedded.tomcat.TomcatWebServer  : Tomcat initialized with port 0 (http)
2024-05-09T12:58:58.469+02:00  INFO 7520 --- [           main] o.apache.catalina.core.StandardService   : Starting service [Tomcat]
2024-05-09T12:58:58.469+02:00  INFO 7520 --- [           main] o.apache.catalina.core.StandardEngine    : Starting Servlet engine: [Apache Tomcat/10.1.20]
2024-05-09T12:58:58.484+02:00  INFO 7520 --- [           main] o.a.c.c.C.[Tomcat].[localhost].[/]       : Initializing Spring embedded WebApplicationContext
2024-05-09T12:58:58.484+02:00  INFO 7520 --- [           main] w.s.c.ServletWebServerApplicationContext : Root WebApplicationContext: initialization completed in 244 ms
2024-05-09T12:58:58.505+02:00  INFO 7520 --- [           main] com.zaxxer.hikari.HikariDataSource       : HikariPool-11 - Starting...
2024-05-09T12:58:58.508+02:00  INFO 7520 --- [           main] com.zaxxer.hikari.pool.HikariPool        : HikariPool-11 - Added connection conn100: url=jdbc:h2:mem:test user=SA
2024-05-09T12:58:58.508+02:00  INFO 7520 --- [           main] com.zaxxer.hikari.HikariDataSource       : HikariPool-11 - Start completed.
2024-05-09T12:58:58.509+02:00  INFO 7520 --- [           main] o.s.b.a.h2.H2ConsoleAutoConfiguration    : H2 console available at '/h2-console'. Database available at 'jdbc:h2:mem:test'
2024-05-09T12:58:58.534+02:00  INFO 7520 --- [           main] o.hibernate.jpa.internal.util.LogHelper  : HHH000204: Processing PersistenceUnitInfo [name: default]
2024-05-09T12:58:58.534+02:00  INFO 7520 --- [           main] o.h.c.internal.RegionFactoryInitiator    : HHH000026: Second-level cache disabled
2024-05-09T12:58:58.534+02:00  INFO 7520 --- [           main] o.s.o.j.p.SpringPersistenceUnitInfo      : No LoadTimeWeaver setup: ignoring JPA class transformer
2024-05-09T12:58:58.534+02:00  WARN 7520 --- [           main] org.hibernate.orm.deprecation            : HHH90000025: H2Dialect does not need to be specified explicitly using 'hibernate.dialect' (remove the property setting and it will be selected by default)
2024-05-09T12:58:58.601+02:00  INFO 7520 --- [           main] o.h.e.t.j.p.i.JtaPlatformInitiator       : HHH000489: No JTA platform available (set 'hibernate.transaction.jta.platform' to enable JTA platform integration)
2024-05-09T12:58:58.622+02:00  INFO 7520 --- [           main] j.LocalContainerEntityManagerFactoryBean : Initialized JPA EntityManagerFactory for persistence unit 'default'
2024-05-09T12:58:58.654+02:00  WARN 7520 --- [           main] JpaBaseConfiguration$JpaWebConfiguration : spring.jpa.open-in-view is enabled by default. Therefore, database queries may be performed during view rendering. Explicitly configure spring.jpa.open-in-view to disable this warning
2024-05-09T12:58:58.730+02:00  INFO 7520 --- [           main] o.s.b.w.embedded.tomcat.TomcatWebServer  : Tomcat started on port 58843 (http) with context path ''
2024-05-09T12:58:58.731+02:00  INFO 7520 --- [           main] e.u.i.p.Practica3ApplicationTests        : Started Practica3ApplicationTests in 0.512 seconds (process running for 20.651)
2024-05-09T12:58:58.745+02:00  INFO 7520 --- [-auto-11-exec-1] o.a.c.c.C.[Tomcat].[localhost].[/]       : Initializing Spring DispatcherServlet 'dispatcherServlet'
2024-05-09T12:58:58.745+02:00  INFO 7520 --- [-auto-11-exec-1] o.s.web.servlet.DispatcherServlet        : Initializing Servlet 'dispatcherServlet'
2024-05-09T12:58:58.748+02:00  INFO 7520 --- [-auto-11-exec-1] o.s.web.servlet.DispatcherServlet        : Completed initialization in 3 ms
2024-05-09T12:58:58.771+02:00  INFO 7520 --- [           main] j.LocalContainerEntityManagerFactoryBean : Closing JPA EntityManagerFactory for persistence unit 'default'
2024-05-09T12:58:58.771+02:00  INFO 7520 --- [           main] com.zaxxer.hikari.HikariDataSource       : HikariPool-11 - Shutdown initiated...
2024-05-09T12:58:58.784+02:00  INFO 7520 --- [           main] com.zaxxer.hikari.HikariDataSource       : HikariPool-11 - Shutdown completed.
]]></system-out>
  </testcase>
</testsuite>