<?xml version="1.0" encoding="UTF-8"?>
<testsuite xmlns:xsi="http://www.w3.org/2001/XMLSchema-instance" xsi:noNamespaceSchemaLocation="https://maven.apache.org/surefire/maven-surefire-plugin/xsd/surefire-test-report-3.0.xsd" version="3.0" name="es.uma.informatica.sii.nivelesinstituto.NivelesInstitutoApplicationTests$NivelesVacios" time="2.2" tests="5" errors="0" skipped="0" failures="0">
  <properties>
[...]
</properties>
  <testcase name="devuelveNiveles" classname="es.uma.informatica.sii.nivelesinstituto.NivelesInstitutoApplicationTests$NivelesVacios" time="0.046">
    <system-out><![CDATA[2024-05-09T17:48:41.994+02:00  INFO 15408 --- [NivelesInstituto] [           main] t.c.s.AnnotationConfigContextLoaderUtils : Could not detect default configuration classes for test class [es.uma.informatica.sii.nivelesinstituto.NivelesInstitutoApplicationTests$NivelesVacios]: NivelesVacios does not declare any static, non-private, non-final, nested classes annotated with @Configuration.
2024-05-09T17:48:41.998+02:00  INFO 15408 --- [NivelesInstituto] [           main] .b.t.c.SpringBootTestContextBootstrapper : Found @SpringBootConfiguration es.uma.informatica.sii.nivelesinstituto.NivelesInstitutoApplication for test class es.uma.informatica.sii.nivelesinstituto.NivelesInstitutoApplicationTests$NivelesVacios

  .   ____          _            __ _ _
 /\\ / ___'_ __ _ _(_)_ __  __ _ \ \ \ \
( ( )\___ | '_ | '_| | '_ \/ _` | \ \ \ \
 \\/  ___)| |_)| | | | | || (_| |  ) ) ) )
  '  |____| .__|_| |_|_| |_\__, | / / / /
 =========|_|==============|___/=/_/_/_/
 :: Spring Boot ::                (v3.2.5)

2024-05-09T17:48:42.045+02:00  INFO 15408 --- [NivelesInstituto] [           main] u.i.s.n.NivelesInstitutoApplicationTests : Starting NivelesInstitutoApplicationTests using Java 22 with PID 15408 (started by Usuario in C:\Users\Usuario\Documents\Practica JUnit)
2024-05-09T17:48:42.045+02:00  INFO 15408 --- [NivelesInstituto] [           main] u.i.s.n.NivelesInstitutoApplicationTests : No active profile set, falling back to 1 default profile: "default"
2024-05-09T17:48:42.195+02:00  INFO 15408 --- [NivelesInstituto] [           main] .s.d.r.c.RepositoryConfigurationDelegate : Bootstrapping Spring Data JPA repositories in DEFAULT mode.
2024-05-09T17:48:42.203+02:00  INFO 15408 --- [NivelesInstituto] [           main] .s.d.r.c.RepositoryConfigurationDelegate : Finished Spring Data repository scanning in 7 ms. Found 2 JPA repository interfaces.
2024-05-09T17:48:42.256+02:00  INFO 15408 --- [NivelesInstituto] [           main] o.s.b.w.embedded.tomcat.TomcatWebServer  : Tomcat initialized with port 0 (http)
2024-05-09T17:48:42.257+02:00  INFO 15408 --- [NivelesInstituto] [           main] o.apache.catalina.core.StandardService   : Starting service [Tomcat]
2024-05-09T17:48:42.257+02:00  INFO 15408 --- [NivelesInstituto] [           main] o.apache.catalina.core.StandardEngine    : Starting Servlet engine: [Apache Tomcat/10.1.20]
2024-05-09T17:48:42.275+02:00  INFO 15408 --- [NivelesInstituto] [           main] o.a.c.c.C.[Tomcat].[localhost].[/]       : Initializing Spring embedded WebApplicationContext
2024-05-09T17:48:42.275+02:00  INFO 15408 --- [NivelesInstituto] [           main] w.s.c.ServletWebServerApplicationContext : Root WebApplicationContext: initialization completed in 227 ms
2024-05-09T17:48:42.294+02:00  INFO 15408 --- [NivelesInstituto] [           main] com.zaxxer.hikari.HikariDataSource       : HikariPool-19 - Starting...
2024-05-09T17:48:42.297+02:00  INFO 15408 --- [NivelesInstituto] [           main] com.zaxxer.hikari.pool.HikariPool        : HikariPool-19 - Added connection conn174: url=jdbc:h2:mem:9af405d3-e258-49d6-98f1-abda4e2e01d0 user=SA
2024-05-09T17:48:42.298+02:00  INFO 15408 --- [NivelesInstituto] [           main] com.zaxxer.hikari.HikariDataSource       : HikariPool-19 - Start completed.
2024-05-09T17:48:42.300+02:00  INFO 15408 --- [NivelesInstituto] [           main] o.hibernate.jpa.internal.util.LogHelper  : HHH000204: Processing PersistenceUnitInfo [name: default]
2024-05-09T17:48:42.303+02:00  INFO 15408 --- [NivelesInstituto] [           main] o.h.c.internal.RegionFactoryInitiator    : HHH000026: Second-level cache disabled
2024-05-09T17:48:42.309+02:00  INFO 15408 --- [NivelesInstituto] [           main] o.s.o.j.p.SpringPersistenceUnitInfo      : No LoadTimeWeaver setup: ignoring JPA class transformer
2024-05-09T17:48:42.356+02:00  INFO 15408 --- [NivelesInstituto] [           main] o.h.e.t.j.p.i.JtaPlatformInitiator       : HHH000489: No JTA platform available (set 'hibernate.transaction.jta.platform' to enable JTA platform integration)
2024-05-09T17:48:42.363+02:00  INFO 15408 --- [NivelesInstituto] [           main] j.LocalContainerEntityManagerFactoryBean : Initialized JPA EntityManagerFactory for persistence unit 'default'
2024-05-09T17:48:42.390+02:00  WARN 15408 --- [NivelesInstituto] [           main] JpaBaseConfiguration$JpaWebConfiguration : spring.jpa.open-in-view is enabled by default. Therefore, database queries may be performed during view rendering. Explicitly configure spring.jpa.open-in-view to disable this warning
2024-05-09T17:48:42.455+02:00  INFO 15408 --- [NivelesInstituto] [           main] o.s.b.w.embedded.tomcat.TomcatWebServer  : Tomcat started on port 58253 (http) with context path ''
2024-05-09T17:48:42.457+02:00  INFO 15408 --- [NivelesInstituto] [           main] u.i.s.n.NivelesInstitutoApplicationTests : Started NivelesInstitutoApplicationTests in 0.451 seconds (process running for 25.102)
2024-05-09T17:48:42.470+02:00  INFO 15408 --- [NivelesInstituto] [-auto-19-exec-1] o.a.c.c.C.[Tomcat].[localhost].[/]       : Initializing Spring DispatcherServlet 'dispatcherServlet'
2024-05-09T17:48:42.471+02:00  INFO 15408 --- [NivelesInstituto] [-auto-19-exec-1] o.s.web.servlet.DispatcherServlet        : Initializing Servlet 'dispatcherServlet'
2024-05-09T17:48:42.471+02:00  INFO 15408 --- [NivelesInstituto] [-auto-19-exec-1] o.s.web.servlet.DispatcherServlet        : Completed initialization in 0 ms
2024-05-09T17:48:42.487+02:00  INFO 15408 --- [NivelesInstituto] [           main] j.LocalContainerEntityManagerFactoryBean : Closing JPA EntityManagerFactory for persistence unit 'default'
2024-05-09T17:48:42.488+02:00  INFO 15408 --- [NivelesInstituto] [           main] com.zaxxer.hikari.HikariDataSource       : HikariPool-19 - Shutdown initiated...
2024-05-09T17:48:42.502+02:00  INFO 15408 --- [NivelesInstituto] [           main] com.zaxxer.hikari.HikariDataSource       : HikariPool-19 - Shutdown completed.
]]></system-out>
  </testcase>
  <testcase name="modificarNivelInexistente" classname="es.uma.informatica.sii.nivelesinstituto.NivelesInstitutoApplicationTests$NivelesVacios" time="0.042">
    <system-out><![CDATA[
  .   ____          _            __ _ _
 /\\ / ___'_ __ _ _(_)_ __  __ _ \ \ \ \
( ( )\___ | '_ | '_| | '_ \/ _` | \ \ \ \
 \\/  ___)| |_)| | | | | || (_| |  ) ) ) )
  '  |____| .__|_| |_|_| |_\__, | / / / /
 =========|_|==============|___/=/_/_/_/
 :: Spring Boot ::                (v3.2.5)

2024-05-09T17:48:42.530+02:00  INFO 15408 --- [NivelesInstituto] [           main] u.i.s.n.NivelesInstitutoApplicationTests : Starting NivelesInstitutoApplicationTests using Java 22 with PID 15408 (started by Usuario in C:\Users\Usuario\Documents\Practica JUnit)
2024-05-09T17:48:42.530+02:00  INFO 15408 --- [NivelesInstituto] [           main] u.i.s.n.NivelesInstitutoApplicationTests : No active profile set, falling back to 1 default profile: "default"
2024-05-09T17:48:42.619+02:00  INFO 15408 --- [NivelesInstituto] [           main] .s.d.r.c.RepositoryConfigurationDelegate : Bootstrapping Spring Data JPA repositories in DEFAULT mode.
2024-05-09T17:48:42.625+02:00  INFO 15408 --- [NivelesInstituto] [           main] .s.d.r.c.RepositoryConfigurationDelegate : Finished Spring Data repository scanning in 6 ms. Found 2 JPA repository interfaces.
2024-05-09T17:48:42.662+02:00  INFO 15408 --- [NivelesInstituto] [           main] o.s.b.w.embedded.tomcat.TomcatWebServer  : Tomcat initialized with port 0 (http)
2024-05-09T17:48:42.663+02:00  INFO 15408 --- [NivelesInstituto] [           main] o.apache.catalina.core.StandardService   : Starting service [Tomcat]
2024-05-09T17:48:42.663+02:00  INFO 15408 --- [NivelesInstituto] [           main] o.apache.catalina.core.StandardEngine    : Starting Servlet engine: [Apache Tomcat/10.1.20]
2024-05-09T17:48:42.680+02:00  INFO 15408 --- [NivelesInstituto] [           main] o.a.c.c.C.[Tomcat].[localhost].[/]       : Initializing Spring embedded WebApplicationContext
2024-05-09T17:48:42.680+02:00  INFO 15408 --- [NivelesInstituto] [           main] w.s.c.ServletWebServerApplicationContext : Root WebApplicationContext: initialization completed in 148 ms
2024-05-09T17:48:42.704+02:00  INFO 15408 --- [NivelesInstituto] [           main] com.zaxxer.hikari.HikariDataSource       : HikariPool-20 - Starting...
2024-05-09T17:48:42.706+02:00  INFO 15408 --- [NivelesInstituto] [           main] com.zaxxer.hikari.pool.HikariPool        : HikariPool-20 - Added connection conn181: url=jdbc:h2:mem:a6f476e7-7b50-4c5c-9d62-55a2e8b02c94 user=SA
2024-05-09T17:48:42.707+02:00  INFO 15408 --- [NivelesInstituto] [           main] com.zaxxer.hikari.HikariDataSource       : HikariPool-20 - Start completed.
2024-05-09T17:48:42.708+02:00  INFO 15408 --- [NivelesInstituto] [           main] o.hibernate.jpa.internal.util.LogHelper  : HHH000204: Processing PersistenceUnitInfo [name: default]
2024-05-09T17:48:42.710+02:00  INFO 15408 --- [NivelesInstituto] [           main] o.h.c.internal.RegionFactoryInitiator    : HHH000026: Second-level cache disabled
2024-05-09T17:48:42.714+02:00  INFO 15408 --- [NivelesInstituto] [           main] o.s.o.j.p.SpringPersistenceUnitInfo      : No LoadTimeWeaver setup: ignoring JPA class transformer
2024-05-09T17:48:42.763+02:00  INFO 15408 --- [NivelesInstituto] [           main] o.h.e.t.j.p.i.JtaPlatformInitiator       : HHH000489: No JTA platform available (set 'hibernate.transaction.jta.platform' to enable JTA platform integration)
2024-05-09T17:48:42.768+02:00  INFO 15408 --- [NivelesInstituto] [           main] j.LocalContainerEntityManagerFactoryBean : Initialized JPA EntityManagerFactory for persistence unit 'default'
2024-05-09T17:48:42.793+02:00  WARN 15408 --- [NivelesInstituto] [           main] JpaBaseConfiguration$JpaWebConfiguration : spring.jpa.open-in-view is enabled by default. Therefore, database queries may be performed during view rendering. Explicitly configure spring.jpa.open-in-view to disable this warning
2024-05-09T17:48:42.848+02:00  INFO 15408 --- [NivelesInstituto] [           main] o.s.b.w.embedded.tomcat.TomcatWebServer  : Tomcat started on port 58256 (http) with context path ''
2024-05-09T17:48:42.851+02:00  INFO 15408 --- [NivelesInstituto] [           main] u.i.s.n.NivelesInstitutoApplicationTests : Started NivelesInstitutoApplicationTests in 0.342 seconds (process running for 25.495)
2024-05-09T17:48:42.868+02:00  INFO 15408 --- [NivelesInstituto] [-auto-20-exec-2] o.a.c.c.C.[Tomcat].[localhost].[/]       : Initializing Spring DispatcherServlet 'dispatcherServlet'
2024-05-09T17:48:42.868+02:00  INFO 15408 --- [NivelesInstituto] [-auto-20-exec-2] o.s.web.servlet.DispatcherServlet        : Initializing Servlet 'dispatcherServlet'
2024-05-09T17:48:42.868+02:00  INFO 15408 --- [NivelesInstituto] [-auto-20-exec-2] o.s.web.servlet.DispatcherServlet        : Completed initialization in 0 ms
2024-05-09T17:48:42.884+02:00  INFO 15408 --- [NivelesInstituto] [           main] j.LocalContainerEntityManagerFactoryBean : Closing JPA EntityManagerFactory for persistence unit 'default'
2024-05-09T17:48:42.886+02:00  INFO 15408 --- [NivelesInstituto] [           main] com.zaxxer.hikari.HikariDataSource       : HikariPool-20 - Shutdown initiated...
2024-05-09T17:48:42.891+02:00  INFO 15408 --- [NivelesInstituto] [           main] com.zaxxer.hikari.HikariDataSource       : HikariPool-20 - Shutdown completed.
]]></system-out>
  </testcase>
  <testcase name="eliminarNivelInexistente" classname="es.uma.informatica.sii.nivelesinstituto.NivelesInstitutoApplicationTests$NivelesVacios" time="0.043">
    <system-out><![CDATA[
  .   ____          _            __ _ _
 /\\ / ___'_ __ _ _(_)_ __  __ _ \ \ \ \
( ( )\___ | '_ | '_| | '_ \/ _` | \ \ \ \
 \\/  ___)| |_)| | | | | || (_| |  ) ) ) )
  '  |____| .__|_| |_|_| |_\__, | / / / /
 =========|_|==============|___/=/_/_/_/
 :: Spring Boot ::                (v3.2.5)

2024-05-09T17:48:42.918+02:00  INFO 15408 --- [NivelesInstituto] [           main] u.i.s.n.NivelesInstitutoApplicationTests : Starting NivelesInstitutoApplicationTests using Java 22 with PID 15408 (started by Usuario in C:\Users\Usuario\Documents\Practica JUnit)
2024-05-09T17:48:42.918+02:00  INFO 15408 --- [NivelesInstituto] [           main] u.i.s.n.NivelesInstitutoApplicationTests : No active profile set, falling back to 1 default profile: "default"
2024-05-09T17:48:43.011+02:00  INFO 15408 --- [NivelesInstituto] [           main] .s.d.r.c.RepositoryConfigurationDelegate : Bootstrapping Spring Data JPA repositories in DEFAULT mode.
2024-05-09T17:48:43.015+02:00  INFO 15408 --- [NivelesInstituto] [           main] .s.d.r.c.RepositoryConfigurationDelegate : Finished Spring Data repository scanning in 4 ms. Found 2 JPA repository interfaces.
2024-05-09T17:48:43.049+02:00  INFO 15408 --- [NivelesInstituto] [           main] o.s.b.w.embedded.tomcat.TomcatWebServer  : Tomcat initialized with port 0 (http)
2024-05-09T17:48:43.050+02:00  INFO 15408 --- [NivelesInstituto] [           main] o.apache.catalina.core.StandardService   : Starting service [Tomcat]
2024-05-09T17:48:43.050+02:00  INFO 15408 --- [NivelesInstituto] [           main] o.apache.catalina.core.StandardEngine    : Starting Servlet engine: [Apache Tomcat/10.1.20]
2024-05-09T17:48:43.072+02:00  INFO 15408 --- [NivelesInstituto] [           main] o.a.c.c.C.[Tomcat].[localhost].[/]       : Initializing Spring embedded WebApplicationContext
2024-05-09T17:48:43.072+02:00  INFO 15408 --- [NivelesInstituto] [           main] w.s.c.ServletWebServerApplicationContext : Root WebApplicationContext: initialization completed in 153 ms
2024-05-09T17:48:43.096+02:00  INFO 15408 --- [NivelesInstituto] [           main] com.zaxxer.hikari.HikariDataSource       : HikariPool-21 - Starting...
2024-05-09T17:48:43.098+02:00  INFO 15408 --- [NivelesInstituto] [           main] com.zaxxer.hikari.pool.HikariPool        : HikariPool-21 - Added connection conn187: url=jdbc:h2:mem:f4c1141f-6426-418f-b538-f58419be7bb0 user=SA
2024-05-09T17:48:43.098+02:00  INFO 15408 --- [NivelesInstituto] [           main] com.zaxxer.hikari.HikariDataSource       : HikariPool-21 - Start completed.
2024-05-09T17:48:43.100+02:00  INFO 15408 --- [NivelesInstituto] [           main] o.hibernate.jpa.internal.util.LogHelper  : HHH000204: Processing PersistenceUnitInfo [name: default]
2024-05-09T17:48:43.102+02:00  INFO 15408 --- [NivelesInstituto] [           main] o.h.c.internal.RegionFactoryInitiator    : HHH000026: Second-level cache disabled
2024-05-09T17:48:43.106+02:00  INFO 15408 --- [NivelesInstituto] [           main] o.s.o.j.p.SpringPersistenceUnitInfo      : No LoadTimeWeaver setup: ignoring JPA class transformer
2024-05-09T17:48:43.145+02:00  INFO 15408 --- [NivelesInstituto] [           main] o.h.e.t.j.p.i.JtaPlatformInitiator       : HHH000489: No JTA platform available (set 'hibernate.transaction.jta.platform' to enable JTA platform integration)
2024-05-09T17:48:43.149+02:00  INFO 15408 --- [NivelesInstituto] [           main] j.LocalContainerEntityManagerFactoryBean : Initialized JPA EntityManagerFactory for persistence unit 'default'
2024-05-09T17:48:43.182+02:00  WARN 15408 --- [NivelesInstituto] [           main] JpaBaseConfiguration$JpaWebConfiguration : spring.jpa.open-in-view is enabled by default. Therefore, database queries may be performed during view rendering. Explicitly configure spring.jpa.open-in-view to disable this warning
2024-05-09T17:48:43.246+02:00  INFO 15408 --- [NivelesInstituto] [           main] o.s.b.w.embedded.tomcat.TomcatWebServer  : Tomcat started on port 58259 (http) with context path ''
2024-05-09T17:48:43.248+02:00  INFO 15408 --- [NivelesInstituto] [           main] u.i.s.n.NivelesInstitutoApplicationTests : Started NivelesInstitutoApplicationTests in 0.351 seconds (process running for 25.892)
2024-05-09T17:48:43.260+02:00  INFO 15408 --- [NivelesInstituto] [-auto-21-exec-1] o.a.c.c.C.[Tomcat].[localhost].[/]       : Initializing Spring DispatcherServlet 'dispatcherServlet'
2024-05-09T17:48:43.260+02:00  INFO 15408 --- [NivelesInstituto] [-auto-21-exec-1] o.s.web.servlet.DispatcherServlet        : Initializing Servlet 'dispatcherServlet'
2024-05-09T17:48:43.261+02:00  INFO 15408 --- [NivelesInstituto] [-auto-21-exec-1] o.s.web.servlet.DispatcherServlet        : Completed initialization in 1 ms
2024-05-09T17:48:43.272+02:00  INFO 15408 --- [NivelesInstituto] [           main] j.LocalContainerEntityManagerFactoryBean : Closing JPA EntityManagerFactory for persistence unit 'default'
2024-05-09T17:48:43.274+02:00  INFO 15408 --- [NivelesInstituto] [           main] com.zaxxer.hikari.HikariDataSource       : HikariPool-21 - Shutdown initiated...
2024-05-09T17:48:43.284+02:00  INFO 15408 --- [NivelesInstituto] [           main] com.zaxxer.hikari.HikariDataSource       : HikariPool-21 - Shutdown completed.
]]></system-out>
  </testcase>
  <testcase name="insertaNivel" classname="es.uma.informatica.sii.nivelesinstituto.NivelesInstitutoApplicationTests$NivelesVacios" time="0.062">
    <system-out><![CDATA[
  .   ____          _            __ _ _
 /\\ / ___'_ __ _ _(_)_ __  __ _ \ \ \ \
( ( )\___ | '_ | '_| | '_ \/ _` | \ \ \ \
 \\/  ___)| |_)| | | | | || (_| |  ) ) ) )
  '  |____| .__|_| |_|_| |_\__, | / / / /
 =========|_|==============|___/=/_/_/_/
 :: Spring Boot ::                (v3.2.5)

2024-05-09T17:48:43.321+02:00  INFO 15408 --- [NivelesInstituto] [           main] u.i.s.n.NivelesInstitutoApplicationTests : Starting NivelesInstitutoApplicationTests using Java 22 with PID 15408 (started by Usuario in C:\Users\Usuario\Documents\Practica JUnit)
2024-05-09T17:48:43.321+02:00  INFO 15408 --- [NivelesInstituto] [           main] u.i.s.n.NivelesInstitutoApplicationTests : No active profile set, falling back to 1 default profile: "default"
2024-05-09T17:48:43.450+02:00  INFO 15408 --- [NivelesInstituto] [           main] .s.d.r.c.RepositoryConfigurationDelegate : Bootstrapping Spring Data JPA repositories in DEFAULT mode.
2024-05-09T17:48:43.459+02:00  INFO 15408 --- [NivelesInstituto] [           main] .s.d.r.c.RepositoryConfigurationDelegate : Finished Spring Data repository scanning in 8 ms. Found 2 JPA repository interfaces.
2024-05-09T17:48:43.494+02:00  INFO 15408 --- [NivelesInstituto] [           main] o.s.b.w.embedded.tomcat.TomcatWebServer  : Tomcat initialized with port 0 (http)
2024-05-09T17:48:43.496+02:00  INFO 15408 --- [NivelesInstituto] [           main] o.apache.catalina.core.StandardService   : Starting service [Tomcat]
2024-05-09T17:48:43.496+02:00  INFO 15408 --- [NivelesInstituto] [           main] o.apache.catalina.core.StandardEngine    : Starting Servlet engine: [Apache Tomcat/10.1.20]
2024-05-09T17:48:43.514+02:00  INFO 15408 --- [NivelesInstituto] [           main] o.a.c.c.C.[Tomcat].[localhost].[/]       : Initializing Spring embedded WebApplicationContext
2024-05-09T17:48:43.514+02:00  INFO 15408 --- [NivelesInstituto] [           main] w.s.c.ServletWebServerApplicationContext : Root WebApplicationContext: initialization completed in 190 ms
2024-05-09T17:48:43.540+02:00  INFO 15408 --- [NivelesInstituto] [           main] com.zaxxer.hikari.HikariDataSource       : HikariPool-22 - Starting...
2024-05-09T17:48:43.544+02:00  INFO 15408 --- [NivelesInstituto] [           main] com.zaxxer.hikari.pool.HikariPool        : HikariPool-22 - Added connection conn193: url=jdbc:h2:mem:e50012ac-85e3-4f75-88d5-8b57e9dffa1f user=SA
2024-05-09T17:48:43.544+02:00  INFO 15408 --- [NivelesInstituto] [           main] com.zaxxer.hikari.HikariDataSource       : HikariPool-22 - Start completed.
2024-05-09T17:48:43.546+02:00  INFO 15408 --- [NivelesInstituto] [           main] o.hibernate.jpa.internal.util.LogHelper  : HHH000204: Processing PersistenceUnitInfo [name: default]
2024-05-09T17:48:43.548+02:00  INFO 15408 --- [NivelesInstituto] [           main] o.h.c.internal.RegionFactoryInitiator    : HHH000026: Second-level cache disabled
2024-05-09T17:48:43.553+02:00  INFO 15408 --- [NivelesInstituto] [           main] o.s.o.j.p.SpringPersistenceUnitInfo      : No LoadTimeWeaver setup: ignoring JPA class transformer
2024-05-09T17:48:43.607+02:00  INFO 15408 --- [NivelesInstituto] [           main] o.h.e.t.j.p.i.JtaPlatformInitiator       : HHH000489: No JTA platform available (set 'hibernate.transaction.jta.platform' to enable JTA platform integration)
2024-05-09T17:48:43.612+02:00  INFO 15408 --- [NivelesInstituto] [           main] j.LocalContainerEntityManagerFactoryBean : Initialized JPA EntityManagerFactory for persistence unit 'default'
2024-05-09T17:48:43.648+02:00  WARN 15408 --- [NivelesInstituto] [           main] JpaBaseConfiguration$JpaWebConfiguration : spring.jpa.open-in-view is enabled by default. Therefore, database queries may be performed during view rendering. Explicitly configure spring.jpa.open-in-view to disable this warning
2024-05-09T17:48:43.713+02:00  INFO 15408 --- [NivelesInstituto] [           main] o.s.b.w.embedded.tomcat.TomcatWebServer  : Tomcat started on port 58262 (http) with context path ''
2024-05-09T17:48:43.715+02:00  INFO 15408 --- [NivelesInstituto] [           main] u.i.s.n.NivelesInstitutoApplicationTests : Started NivelesInstitutoApplicationTests in 0.417 seconds (process running for 26.359)
2024-05-09T17:48:43.733+02:00  INFO 15408 --- [NivelesInstituto] [-auto-22-exec-1] o.a.c.c.C.[Tomcat].[localhost].[/]       : Initializing Spring DispatcherServlet 'dispatcherServlet'
2024-05-09T17:48:43.733+02:00  INFO 15408 --- [NivelesInstituto] [-auto-22-exec-1] o.s.web.servlet.DispatcherServlet        : Initializing Servlet 'dispatcherServlet'
2024-05-09T17:48:43.734+02:00  INFO 15408 --- [NivelesInstituto] [-auto-22-exec-1] o.s.web.servlet.DispatcherServlet        : Completed initialization in 1 ms
2024-05-09T17:48:43.762+02:00  INFO 15408 --- [NivelesInstituto] [           main] j.LocalContainerEntityManagerFactoryBean : Closing JPA EntityManagerFactory for persistence unit 'default'
2024-05-09T17:48:43.764+02:00  INFO 15408 --- [NivelesInstituto] [           main] com.zaxxer.hikari.HikariDataSource       : HikariPool-22 - Shutdown initiated...
2024-05-09T17:48:43.776+02:00  INFO 15408 --- [NivelesInstituto] [           main] com.zaxxer.hikari.HikariDataSource       : HikariPool-22 - Shutdown completed.
]]></system-out>
  </testcase>
  <testcase name="errorAlObtenerNivelConcreto" classname="es.uma.informatica.sii.nivelesinstituto.NivelesInstitutoApplicationTests$NivelesVacios" time="0.046">
    <system-out><![CDATA[
  .   ____          _            __ _ _
 /\\ / ___'_ __ _ _(_)_ __  __ _ \ \ \ \
( ( )\___ | '_ | '_| | '_ \/ _` | \ \ \ \
 \\/  ___)| |_)| | | | | || (_| |  ) ) ) )
  '  |____| .__|_| |_|_| |_\__, | / / / /
 =========|_|==============|___/=/_/_/_/
 :: Spring Boot ::                (v3.2.5)

2024-05-09T17:48:43.800+02:00  INFO 15408 --- [NivelesInstituto] [           main] u.i.s.n.NivelesInstitutoApplicationTests : Starting NivelesInstitutoApplicationTests using Java 22 with PID 15408 (started by Usuario in C:\Users\Usuario\Documents\Practica JUnit)
2024-05-09T17:48:43.800+02:00  INFO 15408 --- [NivelesInstituto] [           main] u.i.s.n.NivelesInstitutoApplicationTests : No active profile set, falling back to 1 default profile: "default"
2024-05-09T17:48:43.910+02:00  INFO 15408 --- [NivelesInstituto] [           main] .s.d.r.c.RepositoryConfigurationDelegate : Bootstrapping Spring Data JPA repositories in DEFAULT mode.
2024-05-09T17:48:43.917+02:00  INFO 15408 --- [NivelesInstituto] [           main] .s.d.r.c.RepositoryConfigurationDelegate : Finished Spring Data repository scanning in 6 ms. Found 2 JPA repository interfaces.
2024-05-09T17:48:43.960+02:00  INFO 15408 --- [NivelesInstituto] [           main] o.s.b.w.embedded.tomcat.TomcatWebServer  : Tomcat initialized with port 0 (http)
2024-05-09T17:48:43.960+02:00  INFO 15408 --- [NivelesInstituto] [           main] o.apache.catalina.core.StandardService   : Starting service [Tomcat]
2024-05-09T17:48:43.961+02:00  INFO 15408 --- [NivelesInstituto] [           main] o.apache.catalina.core.StandardEngine    : Starting Servlet engine: [Apache Tomcat/10.1.20]
2024-05-09T17:48:43.981+02:00  INFO 15408 --- [NivelesInstituto] [           main] o.a.c.c.C.[Tomcat].[localhost].[/]       : Initializing Spring embedded WebApplicationContext
2024-05-09T17:48:43.981+02:00  INFO 15408 --- [NivelesInstituto] [           main] w.s.c.ServletWebServerApplicationContext : Root WebApplicationContext: initialization completed in 180 ms
2024-05-09T17:48:44.002+02:00  INFO 15408 --- [NivelesInstituto] [           main] com.zaxxer.hikari.HikariDataSource       : HikariPool-23 - Starting...
2024-05-09T17:48:44.004+02:00  INFO 15408 --- [NivelesInstituto] [           main] com.zaxxer.hikari.pool.HikariPool        : HikariPool-23 - Added connection conn202: url=jdbc:h2:mem:75e3d62f-237b-487f-a1e4-04bb0bf0fb28 user=SA
2024-05-09T17:48:44.005+02:00  INFO 15408 --- [NivelesInstituto] [           main] com.zaxxer.hikari.HikariDataSource       : HikariPool-23 - Start completed.
2024-05-09T17:48:44.006+02:00  INFO 15408 --- [NivelesInstituto] [           main] o.hibernate.jpa.internal.util.LogHelper  : HHH000204: Processing PersistenceUnitInfo [name: default]
2024-05-09T17:48:44.009+02:00  INFO 15408 --- [NivelesInstituto] [           main] o.h.c.internal.RegionFactoryInitiator    : HHH000026: Second-level cache disabled
2024-05-09T17:48:44.013+02:00  INFO 15408 --- [NivelesInstituto] [           main] o.s.o.j.p.SpringPersistenceUnitInfo      : No LoadTimeWeaver setup: ignoring JPA class transformer
2024-05-09T17:48:44.046+02:00  INFO 15408 --- [NivelesInstituto] [           main] o.h.e.t.j.p.i.JtaPlatformInitiator       : HHH000489: No JTA platform available (set 'hibernate.transaction.jta.platform' to enable JTA platform integration)
2024-05-09T17:48:44.051+02:00  INFO 15408 --- [NivelesInstituto] [           main] j.LocalContainerEntityManagerFactoryBean : Initialized JPA EntityManagerFactory for persistence unit 'default'
2024-05-09T17:48:44.076+02:00  WARN 15408 --- [NivelesInstituto] [           main] JpaBaseConfiguration$JpaWebConfiguration : spring.jpa.open-in-view is enabled by default. Therefore, database queries may be performed during view rendering. Explicitly configure spring.jpa.open-in-view to disable this warning
2024-05-09T17:48:44.139+02:00  INFO 15408 --- [NivelesInstituto] [           main] o.s.b.w.embedded.tomcat.TomcatWebServer  : Tomcat started on port 58265 (http) with context path ''
2024-05-09T17:48:44.140+02:00  INFO 15408 --- [NivelesInstituto] [           main] u.i.s.n.NivelesInstitutoApplicationTests : Started NivelesInstitutoApplicationTests in 0.359 seconds (process running for 26.785)
2024-05-09T17:48:44.158+02:00  INFO 15408 --- [NivelesInstituto] [-auto-23-exec-1] o.a.c.c.C.[Tomcat].[localhost].[/]       : Initializing Spring DispatcherServlet 'dispatcherServlet'
2024-05-09T17:48:44.158+02:00  INFO 15408 --- [NivelesInstituto] [-auto-23-exec-1] o.s.web.servlet.DispatcherServlet        : Initializing Servlet 'dispatcherServlet'
2024-05-09T17:48:44.159+02:00  INFO 15408 --- [NivelesInstituto] [-auto-23-exec-1] o.s.web.servlet.DispatcherServlet        : Completed initialization in 1 ms
2024-05-09T17:48:44.172+02:00  INFO 15408 --- [NivelesInstituto] [           main] j.LocalContainerEntityManagerFactoryBean : Closing JPA EntityManagerFactory for persistence unit 'default'
2024-05-09T17:48:44.174+02:00  INFO 15408 --- [NivelesInstituto] [           main] com.zaxxer.hikari.HikariDataSource       : HikariPool-23 - Shutdown initiated...
2024-05-09T17:48:44.185+02:00  INFO 15408 --- [NivelesInstituto] [           main] com.zaxxer.hikari.HikariDataSource       : HikariPool-23 - Shutdown completed.
]]></system-out>
  </testcase>
</testsuite>